[0.034s] Invoking command in '/home/enma/pudusu/ros2_ws/build/champ_bringup': AMENT_PREFIX_PATH=/home/enma/pudusu/ros2_ws/install/champ_base:/home/enma/pudusu/ros2_ws/install/champ_msgs:/home/enma/pudusu/ros2_ws/install/champ_description:/home/enma/pudusu/ros2_ws/install/champ:${AMENT_PREFIX_PATH} CMAKE_PREFIX_PATH=/home/enma/pudusu/ros2_ws/install/champ_base:/home/enma/pudusu/ros2_ws/install/champ_msgs:/home/enma/pudusu/ros2_ws/install/champ_description:/home/enma/pudusu/ros2_ws/install/champ:/opt/ros/humble LD_LIBRARY_PATH=/home/enma/pudusu/ros2_ws/install/champ_msgs/lib:${LD_LIBRARY_PATH} PYTHONPATH=/home/enma/pudusu/ros2_ws/install/champ_msgs/local/lib/python3.10/dist-packages:${PYTHONPATH} /usr/bin/cmake /home/enma/pudusu/ros2_ws/src/spot_ros2_ign/champ_bringup -DAMENT_CMAKE_SYMLINK_INSTALL=1 -DCMAKE_INSTALL_PREFIX=/home/enma/pudusu/ros2_ws/install/champ_bringup
[0.193s] -- The C compiler identification is GNU 11.4.0
[0.347s] -- The CXX compiler identification is GNU 11.4.0
[0.369s] -- Detecting C compiler ABI info
[0.555s] -- Detecting C compiler ABI info - done
[0.575s] -- Check for working C compiler: /usr/bin/cc - skipped
[0.575s] -- Detecting C compile features
[0.576s] -- Detecting C compile features - done
[0.585s] -- Detecting CXX compiler ABI info
[0.820s] -- Detecting CXX compiler ABI info - done
[0.844s] -- Check for working CXX compiler: /usr/bin/c++ - skipped
[0.845s] -- Detecting CXX compile features
[0.846s] -- Detecting CXX compile features - done
[0.854s] -- Found ament_cmake: 1.3.12 (/opt/ros/humble/share/ament_cmake/cmake)
[1.331s] -- Found Python3: /usr/bin/python3 (found version "3.10.12") found components: Interpreter 
[1.502s] -- Override CMake install command with custom implementation using symlinks instead of copying resources
[1.609s] -- Found rclcpp: 16.0.15 (/opt/ros/humble/share/rclcpp/cmake)
[1.797s] -- Found rosidl_generator_c: 3.1.7 (/opt/ros/humble/share/rosidl_generator_c/cmake)
[1.818s] -- Found rosidl_adapter: 3.1.7 (/opt/ros/humble/share/rosidl_adapter/cmake)
[1.854s] -- Found rosidl_generator_cpp: 3.1.7 (/opt/ros/humble/share/rosidl_generator_cpp/cmake)
[1.895s] -- Using all available rosidl_typesupport_c: rosidl_typesupport_fastrtps_c;rosidl_typesupport_introspection_c
[1.957s] -- Using all available rosidl_typesupport_cpp: rosidl_typesupport_fastrtps_cpp;rosidl_typesupport_introspection_cpp
[2.124s] -- Found rmw_implementation_cmake: 6.1.2 (/opt/ros/humble/share/rmw_implementation_cmake/cmake)
[2.135s] -- Found rmw_fastrtps_cpp: 6.2.8 (/opt/ros/humble/share/rmw_fastrtps_cpp/cmake)
[2.449s] -- Found OpenSSL: /usr/lib/x86_64-linux-gnu/libcrypto.so (found version "3.0.2")  
[2.573s] -- Found FastRTPS: /opt/ros/humble/include  
[2.726s] -- Using RMW implementation 'rmw_fastrtps_cpp' as default
[2.753s] -- Looking for pthread.h
[2.976s] -- Looking for pthread.h - found
[2.977s] -- Performing Test CMAKE_HAVE_LIBC_PTHREAD
[3.197s] -- Performing Test CMAKE_HAVE_LIBC_PTHREAD - Success
[3.202s] -- Found Threads: TRUE  
[3.356s] -- Found champ_description: 0.0.0 (/home/enma/pudusu/ros2_ws/install/champ_description/share/champ_description/cmake)
[3.538s] -- Configuring done
[3.549s] -- Generating done
[3.553s] -- Build files have been written to: /home/enma/pudusu/ros2_ws/build/champ_bringup
[3.571s] Invoked command in '/home/enma/pudusu/ros2_ws/build/champ_bringup' returned '0': AMENT_PREFIX_PATH=/home/enma/pudusu/ros2_ws/install/champ_base:/home/enma/pudusu/ros2_ws/install/champ_msgs:/home/enma/pudusu/ros2_ws/install/champ_description:/home/enma/pudusu/ros2_ws/install/champ:${AMENT_PREFIX_PATH} CMAKE_PREFIX_PATH=/home/enma/pudusu/ros2_ws/install/champ_base:/home/enma/pudusu/ros2_ws/install/champ_msgs:/home/enma/pudusu/ros2_ws/install/champ_description:/home/enma/pudusu/ros2_ws/install/champ:/opt/ros/humble LD_LIBRARY_PATH=/home/enma/pudusu/ros2_ws/install/champ_msgs/lib:${LD_LIBRARY_PATH} PYTHONPATH=/home/enma/pudusu/ros2_ws/install/champ_msgs/local/lib/python3.10/dist-packages:${PYTHONPATH} /usr/bin/cmake /home/enma/pudusu/ros2_ws/src/spot_ros2_ign/champ_bringup -DAMENT_CMAKE_SYMLINK_INSTALL=1 -DCMAKE_INSTALL_PREFIX=/home/enma/pudusu/ros2_ws/install/champ_bringup
[3.573s] Invoking command in '/home/enma/pudusu/ros2_ws/build/champ_bringup': AMENT_PREFIX_PATH=/home/enma/pudusu/ros2_ws/install/champ_base:/home/enma/pudusu/ros2_ws/install/champ_msgs:/home/enma/pudusu/ros2_ws/install/champ_description:/home/enma/pudusu/ros2_ws/install/champ:${AMENT_PREFIX_PATH} CMAKE_PREFIX_PATH=/home/enma/pudusu/ros2_ws/install/champ_base:/home/enma/pudusu/ros2_ws/install/champ_msgs:/home/enma/pudusu/ros2_ws/install/champ_description:/home/enma/pudusu/ros2_ws/install/champ:/opt/ros/humble LD_LIBRARY_PATH=/home/enma/pudusu/ros2_ws/install/champ_msgs/lib:${LD_LIBRARY_PATH} PYTHONPATH=/home/enma/pudusu/ros2_ws/install/champ_msgs/local/lib/python3.10/dist-packages:${PYTHONPATH} /usr/bin/cmake --build /home/enma/pudusu/ros2_ws/build/champ_bringup -- -j12 -l12
[3.673s] Invoked command in '/home/enma/pudusu/ros2_ws/build/champ_bringup' returned '0': AMENT_PREFIX_PATH=/home/enma/pudusu/ros2_ws/install/champ_base:/home/enma/pudusu/ros2_ws/install/champ_msgs:/home/enma/pudusu/ros2_ws/install/champ_description:/home/enma/pudusu/ros2_ws/install/champ:${AMENT_PREFIX_PATH} CMAKE_PREFIX_PATH=/home/enma/pudusu/ros2_ws/install/champ_base:/home/enma/pudusu/ros2_ws/install/champ_msgs:/home/enma/pudusu/ros2_ws/install/champ_description:/home/enma/pudusu/ros2_ws/install/champ:/opt/ros/humble LD_LIBRARY_PATH=/home/enma/pudusu/ros2_ws/install/champ_msgs/lib:${LD_LIBRARY_PATH} PYTHONPATH=/home/enma/pudusu/ros2_ws/install/champ_msgs/local/lib/python3.10/dist-packages:${PYTHONPATH} /usr/bin/cmake --build /home/enma/pudusu/ros2_ws/build/champ_bringup -- -j12 -l12
[3.676s] Invoking command in '/home/enma/pudusu/ros2_ws/build/champ_bringup': AMENT_PREFIX_PATH=/home/enma/pudusu/ros2_ws/install/champ_base:/home/enma/pudusu/ros2_ws/install/champ_msgs:/home/enma/pudusu/ros2_ws/install/champ_description:/home/enma/pudusu/ros2_ws/install/champ:${AMENT_PREFIX_PATH} CMAKE_PREFIX_PATH=/home/enma/pudusu/ros2_ws/install/champ_base:/home/enma/pudusu/ros2_ws/install/champ_msgs:/home/enma/pudusu/ros2_ws/install/champ_description:/home/enma/pudusu/ros2_ws/install/champ:/opt/ros/humble LD_LIBRARY_PATH=/home/enma/pudusu/ros2_ws/install/champ_msgs/lib:${LD_LIBRARY_PATH} PYTHONPATH=/home/enma/pudusu/ros2_ws/install/champ_msgs/local/lib/python3.10/dist-packages:${PYTHONPATH} /usr/bin/cmake --install /home/enma/pudusu/ros2_ws/build/champ_bringup
[3.697s] -- Install configuration: ""
[3.699s] -- Execute custom install script
[3.700s] -- Symlinking: /home/enma/pudusu/ros2_ws/install/champ_bringup/share/champ_bringup/launch/anymal_quadruped_controller.launch.py
[3.728s] -- Symlinking: /home/enma/pudusu/ros2_ws/install/champ_bringup/share/champ_bringup/launch/anymal_spawn.launch.py
[3.754s] -- Symlinking: /home/enma/pudusu/ros2_ws/install/champ_bringup/share/champ_bringup/launch/champ_bringup.launch.py
[3.776s] -- Symlinking: /home/enma/pudusu/ros2_ws/install/champ_bringup/share/champ_bringup/launch/go2_quadruped_controller.launch.py
[3.798s] -- Symlinking: /home/enma/pudusu/ros2_ws/install/champ_bringup/share/champ_bringup/launch/rviz.launch.py
[3.823s] -- Symlinking: /home/enma/pudusu/ros2_ws/install/champ_bringup/share/champ_bringup/launch/search_forest_viz.launch.py
[3.847s] -- Symlinking: /home/enma/pudusu/ros2_ws/install/champ_bringup/share/champ_bringup/launch/search_office_viz.launch.py
[3.871s] -- Symlinking: /home/enma/pudusu/ros2_ws/install/champ_bringup/share/champ_bringup/launch/spot_bringup.launch.py
[3.891s] -- Symlinking: /home/enma/pudusu/ros2_ws/install/champ_bringup/share/champ_bringup/launch/spot_navigation.launch.py
[3.911s] -- Symlinking: /home/enma/pudusu/ros2_ws/install/champ_bringup/share/champ_bringup/launch/spot_quadruped_controller.launch.py
[3.938s] -- Symlinking: /home/enma/pudusu/ros2_ws/install/champ_bringup/share/champ_bringup/launch/spot_spawn.launch.py
[3.960s] -- Symlinking: /home/enma/pudusu/ros2_ws/install/champ_bringup/share/champ_bringup/rviz/default_view.rviz
[3.983s] -- Symlinking: /home/enma/pudusu/ros2_ws/install/champ_bringup/share/champ_bringup/config/anymal_bridge.yaml
[4.002s] -- Symlinking: /home/enma/pudusu/ros2_ws/install/champ_bringup/share/champ_bringup/config/champ_params.yaml
[4.025s] -- Symlinking: /home/enma/pudusu/ros2_ws/install/champ_bringup/share/champ_bringup/config/champ_params_anymal.yaml
[4.050s] -- Symlinking: /home/enma/pudusu/ros2_ws/install/champ_bringup/share/champ_bringup/config/champ_params_go2.yaml
[4.072s] -- Symlinking: /home/enma/pudusu/ros2_ws/install/champ_bringup/share/champ_bringup/config/champ_params_spot_arm.yaml
[4.092s] -- Symlinking: /home/enma/pudusu/ros2_ws/install/champ_bringup/share/champ_bringup/config/go2_bridge.yaml
[4.115s] -- Symlinking: /home/enma/pudusu/ros2_ws/install/champ_bringup/share/champ_bringup/config/robot_localization_params.yaml
[4.137s] -- Symlinking: /home/enma/pudusu/ros2_ws/install/champ_bringup/share/champ_bringup/config/ros2_control.yaml
[4.158s] -- Symlinking: /home/enma/pudusu/ros2_ws/install/champ_bringup/share/champ_bringup/config/ros2_control_anymal.yaml
[4.184s] -- Symlinking: /home/enma/pudusu/ros2_ws/install/champ_bringup/share/champ_bringup/config/ros2_control_spot.yaml
[4.208s] -- Symlinking: /home/enma/pudusu/ros2_ws/install/champ_bringup/share/champ_bringup/config/spot_bridge.yaml
[4.227s] -- Symlinking: /home/enma/pudusu/ros2_ws/install/champ_bringup/share/champ_bringup/config/velocity_smoother.yaml
[4.248s] -- Symlinking: /home/enma/pudusu/ros2_ws/install/champ_bringup/share/champ_bringup/scripts/waypoint_navigator.py
[4.269s] -- Symlinking: /home/enma/pudusu/ros2_ws/install/champ_bringup/lib/champ_bringup/waypoint_navigator.py
[4.295s] -- Symlinking: /home/enma/pudusu/ros2_ws/install/champ_bringup/share/ament_index/resource_index/package_run_dependencies/champ_bringup
[4.320s] -- Symlinking: /home/enma/pudusu/ros2_ws/install/champ_bringup/share/ament_index/resource_index/parent_prefix_path/champ_bringup
[4.339s] -- Symlinking: /home/enma/pudusu/ros2_ws/install/champ_bringup/share/champ_bringup/environment/ament_prefix_path.sh
[4.359s] -- Symlinking: /home/enma/pudusu/ros2_ws/install/champ_bringup/share/champ_bringup/environment/ament_prefix_path.dsv
[4.391s] -- Symlinking: /home/enma/pudusu/ros2_ws/install/champ_bringup/share/champ_bringup/environment/path.sh
[4.417s] -- Symlinking: /home/enma/pudusu/ros2_ws/install/champ_bringup/share/champ_bringup/environment/path.dsv
[4.436s] -- Symlinking: /home/enma/pudusu/ros2_ws/install/champ_bringup/share/champ_bringup/local_setup.bash
[4.459s] -- Symlinking: /home/enma/pudusu/ros2_ws/install/champ_bringup/share/champ_bringup/local_setup.sh
[4.490s] -- Symlinking: /home/enma/pudusu/ros2_ws/install/champ_bringup/share/champ_bringup/local_setup.zsh
[4.519s] -- Symlinking: /home/enma/pudusu/ros2_ws/install/champ_bringup/share/champ_bringup/local_setup.dsv
[4.541s] -- Symlinking: /home/enma/pudusu/ros2_ws/install/champ_bringup/share/champ_bringup/package.dsv
[4.559s] -- Symlinking: /home/enma/pudusu/ros2_ws/install/champ_bringup/share/ament_index/resource_index/packages/champ_bringup
[4.583s] -- Symlinking: /home/enma/pudusu/ros2_ws/install/champ_bringup/share/champ_bringup/cmake/champ_bringupConfig.cmake
[4.609s] -- Symlinking: /home/enma/pudusu/ros2_ws/install/champ_bringup/share/champ_bringup/cmake/champ_bringupConfig-version.cmake
[4.633s] -- Symlinking: /home/enma/pudusu/ros2_ws/install/champ_bringup/share/champ_bringup/package.xml
[4.667s] Invoked command in '/home/enma/pudusu/ros2_ws/build/champ_bringup' returned '0': AMENT_PREFIX_PATH=/home/enma/pudusu/ros2_ws/install/champ_base:/home/enma/pudusu/ros2_ws/install/champ_msgs:/home/enma/pudusu/ros2_ws/install/champ_description:/home/enma/pudusu/ros2_ws/install/champ:${AMENT_PREFIX_PATH} CMAKE_PREFIX_PATH=/home/enma/pudusu/ros2_ws/install/champ_base:/home/enma/pudusu/ros2_ws/install/champ_msgs:/home/enma/pudusu/ros2_ws/install/champ_description:/home/enma/pudusu/ros2_ws/install/champ:/opt/ros/humble LD_LIBRARY_PATH=/home/enma/pudusu/ros2_ws/install/champ_msgs/lib:${LD_LIBRARY_PATH} PYTHONPATH=/home/enma/pudusu/ros2_ws/install/champ_msgs/local/lib/python3.10/dist-packages:${PYTHONPATH} /usr/bin/cmake --install /home/enma/pudusu/ros2_ws/build/champ_bringup
