[0.055s] Invoking command in '/home/enma/pudusu/ros2_ws/build/champ_msgs': CMAKE_PREFIX_PATH=/opt/ros/humble /usr/bin/cmake /home/enma/pudusu/ros2_ws/src/spot_ros2_ign/champ_msgs -DAMENT_CMAKE_SYMLINK_INSTALL=1 -DCMAKE_INSTALL_PREFIX=/home/enma/pudusu/ros2_ws/install/champ_msgs
[0.342s] -- The C compiler identification is GNU 11.4.0
[0.552s] -- The CXX compiler identification is GNU 11.4.0
[0.582s] -- Detecting C compiler ABI info
[0.799s] -- Detecting C compiler ABI info - done
[0.840s] -- Check for working C compiler: /usr/bin/cc - skipped
[0.846s] -- Detecting C compile features
[0.850s] -- Detecting C compile features - done
[0.872s] -- Detecting CXX compiler ABI info
[1.192s] -- Detecting CXX compiler ABI info - done
[1.225s] -- Check for working CXX compiler: /usr/bin/c++ - skipped
[1.226s] -- Detecting CXX compile features
[1.228s] -- Detecting CXX compile features - done
[1.243s] -- Found ament_cmake: 1.3.12 (/opt/ros/humble/share/ament_cmake/cmake)
[1.758s] -- Found Python3: /usr/bin/python3 (found version "3.10.12") found components: Interpreter 
[1.980s] -- Override CMake install command with custom implementation using symlinks instead of copying resources
[2.084s] -- Found rosidl_default_generators: 1.2.0 (/opt/ros/humble/share/rosidl_default_generators/cmake)
[2.100s] -- Using all available rosidl_typesupport_c: rosidl_typesupport_fastrtps_c;rosidl_typesupport_introspection_c
[2.128s] -- Found rosidl_adapter: 3.1.7 (/opt/ros/humble/share/rosidl_adapter/cmake)
[2.274s] -- Using all available rosidl_typesupport_cpp: rosidl_typesupport_fastrtps_cpp;rosidl_typesupport_introspection_cpp
[2.391s] -- Found builtin_interfaces: 1.2.2 (/opt/ros/humble/share/builtin_interfaces/cmake)
[2.445s] -- Found std_msgs: 4.9.0 (/opt/ros/humble/share/std_msgs/cmake)
[2.497s] -- Found sensor_msgs: 4.9.0 (/opt/ros/humble/share/sensor_msgs/cmake)
[3.868s] -- Found ament_cmake_ros: 0.10.0 (/opt/ros/humble/share/ament_cmake_ros/cmake)
[4.756s] -- Using all available rosidl_typesupport_c: rosidl_typesupport_fastrtps_c;rosidl_typesupport_introspection_c
[5.893s] -- Using all available rosidl_typesupport_cpp: rosidl_typesupport_fastrtps_cpp;rosidl_typesupport_introspection_cpp
[5.959s] -- Found PythonInterp: /usr/bin/python3 (found suitable version "3.10.12", minimum required is "3.6") 
[5.967s] -- Found python_cmake_module: 0.10.0 (/opt/ros/humble/share/python_cmake_module/cmake)
[6.062s] -- Found PythonLibs: /usr/lib/x86_64-linux-gnu/libpython3.10.so (found suitable version "3.10.12", minimum required is "3.5") 
[6.063s] -- Using PYTHON_EXECUTABLE: /usr/bin/python3
[6.063s] -- Using PYTHON_INCLUDE_DIRS: /usr/include/python3.10
[6.063s] -- Using PYTHON_LIBRARIES: /usr/lib/x86_64-linux-gnu/libpython3.10.so
[6.135s] -- Found PythonExtra: .so  
[6.450s] -- Configuring done
[6.619s] -- Generating done
[6.666s] -- Build files have been written to: /home/enma/pudusu/ros2_ws/build/champ_msgs
[6.696s] Invoked command in '/home/enma/pudusu/ros2_ws/build/champ_msgs' returned '0': CMAKE_PREFIX_PATH=/opt/ros/humble /usr/bin/cmake /home/enma/pudusu/ros2_ws/src/spot_ros2_ign/champ_msgs -DAMENT_CMAKE_SYMLINK_INSTALL=1 -DCMAKE_INSTALL_PREFIX=/home/enma/pudusu/ros2_ws/install/champ_msgs
[6.701s] Invoking command in '/home/enma/pudusu/ros2_ws/build/champ_msgs': CMAKE_PREFIX_PATH=/opt/ros/humble /usr/bin/cmake --build /home/enma/pudusu/ros2_ws/build/champ_msgs -- -j12 -l12
[6.825s] [  1%] [34m[1mGenerating C code for ROS interfaces[0m
[6.868s] [  2%] [34m[1mGenerating C++ code for ROS interfaces[0m
[6.895s] [  2%] Built target ament_cmake_python_symlink_champ_msgs
[8.040s] running egg_info
[8.043s] creating champ_msgs.egg-info
[8.043s] writing champ_msgs.egg-info/PKG-INFO
[8.044s] writing dependency_links to champ_msgs.egg-info/dependency_links.txt
[8.045s] writing top-level names to champ_msgs.egg-info/top_level.txt
[8.045s] writing manifest file 'champ_msgs.egg-info/SOURCES.txt'
[8.052s] reading manifest file 'champ_msgs.egg-info/SOURCES.txt'
[8.053s] writing manifest file 'champ_msgs.egg-info/SOURCES.txt'
[8.156s] [  2%] Built target ament_cmake_python_build_champ_msgs_egg
[8.798s] [  2%] Built target champ_msgs__cpp
[8.831s] [  3%] [34m[1mGenerating C++ type support dispatch for ROS interfaces[0m
[8.831s] [  4%] [34m[1mGenerating C++ type support for eProsima Fast-RTPS[0m
[8.834s] [  5%] [34m[1mGenerating C++ introspection for ROS interfaces[0m
[9.084s] [  6%] [32mBuilding C object CMakeFiles/champ_msgs__rosidl_generator_c.dir/rosidl_generator_c/champ_msgs/msg/detail/contacts__functions.c.o[0m
[9.086s] [  7%] [32mBuilding C object CMakeFiles/champ_msgs__rosidl_generator_c.dir/rosidl_generator_c/champ_msgs/msg/detail/joints__functions.c.o[0m
[9.088s] [  8%] [32mBuilding C object CMakeFiles/champ_msgs__rosidl_generator_c.dir/rosidl_generator_c/champ_msgs/msg/detail/contacts_stamped__functions.c.o[0m
[9.092s] [  9%] [32mBuilding C object CMakeFiles/champ_msgs__rosidl_generator_c.dir/rosidl_generator_c/champ_msgs/msg/detail/imu__functions.c.o[0m
[9.095s] [ 10%] [32mBuilding C object CMakeFiles/champ_msgs__rosidl_generator_c.dir/rosidl_generator_c/champ_msgs/msg/detail/pid__functions.c.o[0m
[9.100s] [ 11%] [32mBuilding C object CMakeFiles/champ_msgs__rosidl_generator_c.dir/rosidl_generator_c/champ_msgs/msg/detail/velocities__functions.c.o[0m
[9.108s] [ 12%] [32mBuilding C object CMakeFiles/champ_msgs__rosidl_generator_c.dir/rosidl_generator_c/champ_msgs/msg/detail/point_array__functions.c.o[0m
[9.108s] [ 13%] [32mBuilding C object CMakeFiles/champ_msgs__rosidl_generator_c.dir/rosidl_generator_c/champ_msgs/msg/detail/pose__functions.c.o[0m
[9.111s] [ 14%] [32mBuilding C object CMakeFiles/champ_msgs__rosidl_generator_c.dir/rosidl_generator_c/champ_msgs/msg/detail/point__functions.c.o[0m
[9.341s] [ 15%] [32m[1mLinking C shared library libchamp_msgs__rosidl_generator_c.so[0m
[9.475s] [ 15%] Built target champ_msgs__rosidl_generator_c
[9.515s] [ 16%] [34m[1mGenerating C introspection for ROS interfaces[0m
[9.515s] [ 17%] [34m[1mGenerating C type support dispatch for ROS interfaces[0m
[9.516s] [ 18%] [34m[1mGenerating C type support for eProsima Fast-RTPS[0m
[10.465s] [ 20%] [32mBuilding CXX object CMakeFiles/champ_msgs__rosidl_typesupport_cpp.dir/rosidl_typesupport_cpp/champ_msgs/msg/contacts__type_support.cpp.o[0m
[10.476s] [ 21%] [32mBuilding CXX object CMakeFiles/champ_msgs__rosidl_typesupport_cpp.dir/rosidl_typesupport_cpp/champ_msgs/msg/contacts_stamped__type_support.cpp.o[0m
[10.477s] [ 22%] [32mBuilding CXX object CMakeFiles/champ_msgs__rosidl_typesupport_cpp.dir/rosidl_typesupport_cpp/champ_msgs/msg/joints__type_support.cpp.o[0m
[10.479s] [ 23%] [32mBuilding CXX object CMakeFiles/champ_msgs__rosidl_typesupport_cpp.dir/rosidl_typesupport_cpp/champ_msgs/msg/pid__type_support.cpp.o[0m
[10.494s] [ 24%] [32mBuilding CXX object CMakeFiles/champ_msgs__rosidl_typesupport_cpp.dir/rosidl_typesupport_cpp/champ_msgs/msg/imu__type_support.cpp.o[0m
[10.506s] [ 25%] [32mBuilding CXX object CMakeFiles/champ_msgs__rosidl_typesupport_cpp.dir/rosidl_typesupport_cpp/champ_msgs/msg/point__type_support.cpp.o[0m
[10.561s] [ 26%] [32mBuilding CXX object CMakeFiles/champ_msgs__rosidl_typesupport_cpp.dir/rosidl_typesupport_cpp/champ_msgs/msg/point_array__type_support.cpp.o[0m
[11.146s] [ 27%] [32mBuilding CXX object CMakeFiles/champ_msgs__rosidl_typesupport_introspection_cpp.dir/rosidl_typesupport_introspection_cpp/champ_msgs/msg/detail/contacts__type_support.cpp.o[0m
[11.179s] [ 28%] [32mBuilding CXX object CMakeFiles/champ_msgs__rosidl_typesupport_c.dir/rosidl_typesupport_c/champ_msgs/msg/contacts__type_support.cpp.o[0m
[11.332s] [ 29%] [32mBuilding CXX object CMakeFiles/champ_msgs__rosidl_typesupport_c.dir/rosidl_typesupport_c/champ_msgs/msg/contacts_stamped__type_support.cpp.o[0m
[11.469s] [ 30%] [32mBuilding CXX object CMakeFiles/champ_msgs__rosidl_typesupport_c.dir/rosidl_typesupport_c/champ_msgs/msg/imu__type_support.cpp.o[0m
[11.537s] [ 31%] [32mBuilding CXX object CMakeFiles/champ_msgs__rosidl_typesupport_c.dir/rosidl_typesupport_c/champ_msgs/msg/joints__type_support.cpp.o[0m
[11.597s] [ 32%] [32mBuilding CXX object CMakeFiles/champ_msgs__rosidl_typesupport_cpp.dir/rosidl_typesupport_cpp/champ_msgs/msg/pose__type_support.cpp.o[0m
[11.615s] [ 33%] [32mBuilding CXX object CMakeFiles/champ_msgs__rosidl_typesupport_c.dir/rosidl_typesupport_c/champ_msgs/msg/pid__type_support.cpp.o[0m
[11.669s] [ 34%] [32mBuilding CXX object CMakeFiles/champ_msgs__rosidl_typesupport_cpp.dir/rosidl_typesupport_cpp/champ_msgs/msg/velocities__type_support.cpp.o[0m
[11.698s] [ 35%] [32mBuilding CXX object CMakeFiles/champ_msgs__rosidl_typesupport_c.dir/rosidl_typesupport_c/champ_msgs/msg/point__type_support.cpp.o[0m
[11.713s] [ 36%] [32mBuilding CXX object CMakeFiles/champ_msgs__rosidl_typesupport_introspection_cpp.dir/rosidl_typesupport_introspection_cpp/champ_msgs/msg/detail/contacts_stamped__type_support.cpp.o[0m
[11.783s] [ 37%] [32mBuilding CXX object CMakeFiles/champ_msgs__rosidl_typesupport_fastrtps_cpp.dir/rosidl_typesupport_fastrtps_cpp/champ_msgs/msg/detail/dds_fastrtps/contacts__type_support.cpp.o[0m
[11.817s] [ 38%] [32mBuilding CXX object CMakeFiles/champ_msgs__rosidl_typesupport_fastrtps_cpp.dir/rosidl_typesupport_fastrtps_cpp/champ_msgs/msg/detail/dds_fastrtps/contacts_stamped__type_support.cpp.o[0m
[11.858s] [ 40%] [32mBuilding CXX object CMakeFiles/champ_msgs__rosidl_typesupport_fastrtps_cpp.dir/rosidl_typesupport_fastrtps_cpp/champ_msgs/msg/detail/dds_fastrtps/imu__type_support.cpp.o[0m
[11.924s] [ 41%] [32mBuilding CXX object CMakeFiles/champ_msgs__rosidl_typesupport_c.dir/rosidl_typesupport_c/champ_msgs/msg/point_array__type_support.cpp.o[0m
[11.936s] [ 42%] [32mBuilding CXX object CMakeFiles/champ_msgs__rosidl_typesupport_fastrtps_cpp.dir/rosidl_typesupport_fastrtps_cpp/champ_msgs/msg/detail/dds_fastrtps/joints__type_support.cpp.o[0m
[12.082s] [ 43%] [32mBuilding CXX object CMakeFiles/champ_msgs__rosidl_typesupport_introspection_cpp.dir/rosidl_typesupport_introspection_cpp/champ_msgs/msg/detail/imu__type_support.cpp.o[0m
[12.106s] [ 44%] [32mBuilding CXX object CMakeFiles/champ_msgs__rosidl_typesupport_c.dir/rosidl_typesupport_c/champ_msgs/msg/pose__type_support.cpp.o[0m
[12.180s] [ 45%] [32mBuilding CXX object CMakeFiles/champ_msgs__rosidl_typesupport_fastrtps_c.dir/rosidl_typesupport_fastrtps_c/champ_msgs/msg/detail/contacts__type_support_c.cpp.o[0m
[12.232s] [ 46%] [32mBuilding CXX object CMakeFiles/champ_msgs__rosidl_typesupport_c.dir/rosidl_typesupport_c/champ_msgs/msg/velocities__type_support.cpp.o[0m
[12.390s] [ 47%] [32mBuilding C object CMakeFiles/champ_msgs__rosidl_typesupport_introspection_c.dir/rosidl_typesupport_introspection_c/champ_msgs/msg/detail/contacts__type_support.c.o[0m
[12.432s] [ 48%] [32m[1mLinking CXX shared library libchamp_msgs__rosidl_typesupport_c.so[0m
[12.625s] [ 49%] [32mBuilding C object CMakeFiles/champ_msgs__rosidl_typesupport_introspection_c.dir/rosidl_typesupport_introspection_c/champ_msgs/msg/detail/contacts_stamped__type_support.c.o[0m
[12.731s] [ 49%] Built target champ_msgs__rosidl_typesupport_c
[12.780s] [ 50%] [32mBuilding C object CMakeFiles/champ_msgs__rosidl_typesupport_introspection_c.dir/rosidl_typesupport_introspection_c/champ_msgs/msg/detail/imu__type_support.c.o[0m
[12.883s] [ 51%] [32mBuilding CXX object CMakeFiles/champ_msgs__rosidl_typesupport_fastrtps_cpp.dir/rosidl_typesupport_fastrtps_cpp/champ_msgs/msg/detail/dds_fastrtps/pid__type_support.cpp.o[0m
[12.969s] [ 52%] [32mBuilding C object CMakeFiles/champ_msgs__rosidl_typesupport_introspection_c.dir/rosidl_typesupport_introspection_c/champ_msgs/msg/detail/joints__type_support.c.o[0m
[13.067s] [ 53%] [32mBuilding CXX object CMakeFiles/champ_msgs__rosidl_typesupport_introspection_cpp.dir/rosidl_typesupport_introspection_cpp/champ_msgs/msg/detail/joints__type_support.cpp.o[0m
[13.092s] [ 54%] [32m[1mLinking CXX shared library libchamp_msgs__rosidl_typesupport_cpp.so[0m
[13.203s] [ 55%] [32mBuilding C object CMakeFiles/champ_msgs__rosidl_typesupport_introspection_c.dir/rosidl_typesupport_introspection_c/champ_msgs/msg/detail/pid__type_support.c.o[0m
[13.373s] [ 55%] Built target champ_msgs__rosidl_typesupport_cpp
[13.388s] [ 56%] [32mBuilding C object CMakeFiles/champ_msgs__rosidl_typesupport_introspection_c.dir/rosidl_typesupport_introspection_c/champ_msgs/msg/detail/point__type_support.c.o[0m
[13.422s] [ 57%] [32mBuilding CXX object CMakeFiles/champ_msgs__rosidl_typesupport_introspection_cpp.dir/rosidl_typesupport_introspection_cpp/champ_msgs/msg/detail/pid__type_support.cpp.o[0m
[13.427s] [ 58%] [32mBuilding CXX object CMakeFiles/champ_msgs__rosidl_typesupport_fastrtps_cpp.dir/rosidl_typesupport_fastrtps_cpp/champ_msgs/msg/detail/dds_fastrtps/point__type_support.cpp.o[0m
[13.547s] [ 60%] [32mBuilding C object CMakeFiles/champ_msgs__rosidl_typesupport_introspection_c.dir/rosidl_typesupport_introspection_c/champ_msgs/msg/detail/point_array__type_support.c.o[0m
[13.639s] [ 61%] [32mBuilding CXX object CMakeFiles/champ_msgs__rosidl_typesupport_fastrtps_cpp.dir/rosidl_typesupport_fastrtps_cpp/champ_msgs/msg/detail/dds_fastrtps/point_array__type_support.cpp.o[0m
[13.697s] [ 62%] [32mBuilding C object CMakeFiles/champ_msgs__rosidl_typesupport_introspection_c.dir/rosidl_typesupport_introspection_c/champ_msgs/msg/detail/pose__type_support.c.o[0m
[13.710s] [ 63%] [32mBuilding CXX object CMakeFiles/champ_msgs__rosidl_typesupport_fastrtps_cpp.dir/rosidl_typesupport_fastrtps_cpp/champ_msgs/msg/detail/dds_fastrtps/pose__type_support.cpp.o[0m
[13.789s] [ 64%] [32mBuilding CXX object CMakeFiles/champ_msgs__rosidl_typesupport_fastrtps_c.dir/rosidl_typesupport_fastrtps_c/champ_msgs/msg/detail/contacts_stamped__type_support_c.cpp.o[0m
[13.808s] [ 65%] [32mBuilding C object CMakeFiles/champ_msgs__rosidl_typesupport_introspection_c.dir/rosidl_typesupport_introspection_c/champ_msgs/msg/detail/velocities__type_support.c.o[0m
[13.840s] [ 66%] [32mBuilding CXX object CMakeFiles/champ_msgs__rosidl_typesupport_fastrtps_cpp.dir/rosidl_typesupport_fastrtps_cpp/champ_msgs/msg/detail/dds_fastrtps/velocities__type_support.cpp.o[0m
[13.904s] [ 67%] [32mBuilding CXX object CMakeFiles/champ_msgs__rosidl_typesupport_fastrtps_c.dir/rosidl_typesupport_fastrtps_c/champ_msgs/msg/detail/imu__type_support_c.cpp.o[0m
[13.911s] [ 68%] [32mBuilding CXX object CMakeFiles/champ_msgs__rosidl_typesupport_introspection_cpp.dir/rosidl_typesupport_introspection_cpp/champ_msgs/msg/detail/point__type_support.cpp.o[0m
[13.971s] [ 69%] [32m[1mLinking C shared library libchamp_msgs__rosidl_typesupport_introspection_c.so[0m
[14.214s] [ 69%] Built target champ_msgs__rosidl_typesupport_introspection_c
[14.238s] [ 70%] [32mBuilding CXX object CMakeFiles/champ_msgs__rosidl_typesupport_introspection_cpp.dir/rosidl_typesupport_introspection_cpp/champ_msgs/msg/detail/point_array__type_support.cpp.o[0m
[14.248s] [ 71%] [32mBuilding CXX object CMakeFiles/champ_msgs__rosidl_typesupport_fastrtps_c.dir/rosidl_typesupport_fastrtps_c/champ_msgs/msg/detail/joints__type_support_c.cpp.o[0m
[14.958s] [ 72%] [32mBuilding CXX object CMakeFiles/champ_msgs__rosidl_typesupport_fastrtps_c.dir/rosidl_typesupport_fastrtps_c/champ_msgs/msg/detail/pid__type_support_c.cpp.o[0m
[15.107s] [ 73%] [32mBuilding CXX object CMakeFiles/champ_msgs__rosidl_typesupport_fastrtps_c.dir/rosidl_typesupport_fastrtps_c/champ_msgs/msg/detail/point__type_support_c.cpp.o[0m
[15.159s] [ 74%] [32mBuilding CXX object CMakeFiles/champ_msgs__rosidl_typesupport_fastrtps_c.dir/rosidl_typesupport_fastrtps_c/champ_msgs/msg/detail/point_array__type_support_c.cpp.o[0m
[15.206s] [ 75%] [32mBuilding CXX object CMakeFiles/champ_msgs__rosidl_typesupport_fastrtps_c.dir/rosidl_typesupport_fastrtps_c/champ_msgs/msg/detail/pose__type_support_c.cpp.o[0m
[15.245s] [ 76%] [32mBuilding CXX object CMakeFiles/champ_msgs__rosidl_typesupport_introspection_cpp.dir/rosidl_typesupport_introspection_cpp/champ_msgs/msg/detail/pose__type_support.cpp.o[0m
[15.311s] [ 77%] [32mBuilding CXX object CMakeFiles/champ_msgs__rosidl_typesupport_fastrtps_c.dir/rosidl_typesupport_fastrtps_c/champ_msgs/msg/detail/velocities__type_support_c.cpp.o[0m
[15.370s] [ 78%] [32mBuilding CXX object CMakeFiles/champ_msgs__rosidl_typesupport_introspection_cpp.dir/rosidl_typesupport_introspection_cpp/champ_msgs/msg/detail/velocities__type_support.cpp.o[0m
[15.796s] [ 80%] [32m[1mLinking CXX shared library libchamp_msgs__rosidl_typesupport_fastrtps_cpp.so[0m
[16.138s] [ 80%] Built target champ_msgs__rosidl_typesupport_fastrtps_cpp
[16.645s] [ 81%] [32m[1mLinking CXX shared library libchamp_msgs__rosidl_typesupport_fastrtps_c.so[0m
[16.798s] [ 82%] [32m[1mLinking CXX shared library libchamp_msgs__rosidl_typesupport_introspection_cpp.so[0m
[16.901s] [ 82%] Built target champ_msgs__rosidl_typesupport_fastrtps_c
[17.049s] [ 82%] Built target champ_msgs__rosidl_typesupport_introspection_cpp
[17.131s] [ 82%] Built target champ_msgs
[17.196s] [ 83%] [34m[1mGenerating Python code for ROS interfaces[0m
[19.923s] [ 83%] Built target champ_msgs__py
[19.982s] [ 84%] [32mBuilding C object CMakeFiles/champ_msgs__rosidl_generator_py.dir/rosidl_generator_py/champ_msgs/msg/_contacts_stamped_s.c.o[0m
[19.982s] [ 85%] [32mBuilding C object CMakeFiles/champ_msgs__rosidl_generator_py.dir/rosidl_generator_py/champ_msgs/msg/_joints_s.c.o[0m
[19.984s] [ 86%] [32mBuilding C object CMakeFiles/champ_msgs__rosidl_generator_py.dir/rosidl_generator_py/champ_msgs/msg/_imu_s.c.o[0m
[19.984s] [ 87%] [32mBuilding C object CMakeFiles/champ_msgs__rosidl_generator_py.dir/rosidl_generator_py/champ_msgs/msg/_pid_s.c.o[0m
[19.986s] [ 88%] [32mBuilding C object CMakeFiles/champ_msgs__rosidl_generator_py.dir/rosidl_generator_py/champ_msgs/msg/_point_s.c.o[0m
[19.986s] [ 89%] [32mBuilding C object CMakeFiles/champ_msgs__rosidl_generator_py.dir/rosidl_generator_py/champ_msgs/msg/_pose_s.c.o[0m
[19.995s] [ 90%] [32mBuilding C object CMakeFiles/champ_msgs__rosidl_generator_py.dir/rosidl_generator_py/champ_msgs/msg/_velocities_s.c.o[0m
[19.996s] [ 91%] [32mBuilding C object CMakeFiles/champ_msgs__rosidl_generator_py.dir/rosidl_generator_py/champ_msgs/msg/_contacts_s.c.o[0m
[19.997s] [ 92%] [32mBuilding C object CMakeFiles/champ_msgs__rosidl_generator_py.dir/rosidl_generator_py/champ_msgs/msg/_point_array_s.c.o[0m
[20.428s] [ 93%] [32m[1mLinking C shared library rosidl_generator_py/champ_msgs/libchamp_msgs__rosidl_generator_py.so[0m
[20.542s] [ 93%] Built target champ_msgs__rosidl_generator_py
[20.589s] [ 94%] [32mBuilding C object CMakeFiles/champ_msgs__rosidl_typesupport_fastrtps_c__pyext.dir/rosidl_generator_py/champ_msgs/_champ_msgs_s.ep.rosidl_typesupport_fastrtps_c.c.o[0m
[20.599s] [ 95%] [32mBuilding C object CMakeFiles/champ_msgs__rosidl_typesupport_c__pyext.dir/rosidl_generator_py/champ_msgs/_champ_msgs_s.ep.rosidl_typesupport_c.c.o[0m
[20.603s] [ 96%] [32mBuilding C object CMakeFiles/champ_msgs__rosidl_typesupport_introspection_c__pyext.dir/rosidl_generator_py/champ_msgs/_champ_msgs_s.ep.rosidl_typesupport_introspection_c.c.o[0m
[20.925s] [ 97%] [32m[1mLinking C shared library rosidl_generator_py/champ_msgs/champ_msgs_s__rosidl_typesupport_c.cpython-310-x86_64-linux-gnu.so[0m
[20.935s] [ 98%] [32m[1mLinking C shared library rosidl_generator_py/champ_msgs/champ_msgs_s__rosidl_typesupport_introspection_c.cpython-310-x86_64-linux-gnu.so[0m
[20.994s] [100%] [32m[1mLinking C shared library rosidl_generator_py/champ_msgs/champ_msgs_s__rosidl_typesupport_fastrtps_c.cpython-310-x86_64-linux-gnu.so[0m
[21.057s] [100%] Built target champ_msgs__rosidl_typesupport_c__pyext
[21.087s] [100%] Built target champ_msgs__rosidl_typesupport_introspection_c__pyext
[21.130s] [100%] Built target champ_msgs__rosidl_typesupport_fastrtps_c__pyext
[21.163s] Invoked command in '/home/enma/pudusu/ros2_ws/build/champ_msgs' returned '0': CMAKE_PREFIX_PATH=/opt/ros/humble /usr/bin/cmake --build /home/enma/pudusu/ros2_ws/build/champ_msgs -- -j12 -l12
[21.166s] Invoking command in '/home/enma/pudusu/ros2_ws/build/champ_msgs': CMAKE_PREFIX_PATH=/opt/ros/humble /usr/bin/cmake --install /home/enma/pudusu/ros2_ws/build/champ_msgs
[21.189s] -- Install configuration: ""
[21.191s] -- Execute custom install script
[21.192s] -- Symlinking: /home/enma/pudusu/ros2_ws/install/champ_msgs/share/ament_index/resource_index/rosidl_interfaces/champ_msgs
[21.218s] -- Symlinking: /home/enma/pudusu/ros2_ws/install/champ_msgs/include/champ_msgs/champ_msgs/msg/contacts.h
[21.242s] -- Symlinking: /home/enma/pudusu/ros2_ws/install/champ_msgs/include/champ_msgs/champ_msgs/msg/contacts_stamped.h
[21.268s] -- Symlinking: /home/enma/pudusu/ros2_ws/install/champ_msgs/include/champ_msgs/champ_msgs/msg/detail/contacts__functions.h
[21.292s] -- Symlinking: /home/enma/pudusu/ros2_ws/install/champ_msgs/include/champ_msgs/champ_msgs/msg/detail/contacts__struct.h
[21.312s] -- Symlinking: /home/enma/pudusu/ros2_ws/install/champ_msgs/include/champ_msgs/champ_msgs/msg/detail/contacts__type_support.h
[21.345s] -- Symlinking: /home/enma/pudusu/ros2_ws/install/champ_msgs/include/champ_msgs/champ_msgs/msg/detail/contacts_stamped__functions.h
[21.372s] -- Symlinking: /home/enma/pudusu/ros2_ws/install/champ_msgs/include/champ_msgs/champ_msgs/msg/detail/contacts_stamped__struct.h
[21.391s] -- Symlinking: /home/enma/pudusu/ros2_ws/install/champ_msgs/include/champ_msgs/champ_msgs/msg/detail/contacts_stamped__type_support.h
[21.409s] -- Symlinking: /home/enma/pudusu/ros2_ws/install/champ_msgs/include/champ_msgs/champ_msgs/msg/detail/imu__functions.h
[21.428s] -- Symlinking: /home/enma/pudusu/ros2_ws/install/champ_msgs/include/champ_msgs/champ_msgs/msg/detail/imu__struct.h
[21.453s] -- Symlinking: /home/enma/pudusu/ros2_ws/install/champ_msgs/include/champ_msgs/champ_msgs/msg/detail/imu__type_support.h
[21.475s] -- Symlinking: /home/enma/pudusu/ros2_ws/install/champ_msgs/include/champ_msgs/champ_msgs/msg/detail/joints__functions.h
[21.501s] -- Symlinking: /home/enma/pudusu/ros2_ws/install/champ_msgs/include/champ_msgs/champ_msgs/msg/detail/joints__struct.h
[21.524s] -- Symlinking: /home/enma/pudusu/ros2_ws/install/champ_msgs/include/champ_msgs/champ_msgs/msg/detail/joints__type_support.h
[21.543s] -- Symlinking: /home/enma/pudusu/ros2_ws/install/champ_msgs/include/champ_msgs/champ_msgs/msg/detail/pid__functions.h
[21.563s] -- Symlinking: /home/enma/pudusu/ros2_ws/install/champ_msgs/include/champ_msgs/champ_msgs/msg/detail/pid__struct.h
[21.584s] -- Symlinking: /home/enma/pudusu/ros2_ws/install/champ_msgs/include/champ_msgs/champ_msgs/msg/detail/pid__type_support.h
[21.614s] -- Symlinking: /home/enma/pudusu/ros2_ws/install/champ_msgs/include/champ_msgs/champ_msgs/msg/detail/point__functions.h
[21.641s] -- Symlinking: /home/enma/pudusu/ros2_ws/install/champ_msgs/include/champ_msgs/champ_msgs/msg/detail/point__struct.h
[21.661s] -- Symlinking: /home/enma/pudusu/ros2_ws/install/champ_msgs/include/champ_msgs/champ_msgs/msg/detail/point__type_support.h
[21.680s] -- Symlinking: /home/enma/pudusu/ros2_ws/install/champ_msgs/include/champ_msgs/champ_msgs/msg/detail/point_array__functions.h
[21.710s] -- Symlinking: /home/enma/pudusu/ros2_ws/install/champ_msgs/include/champ_msgs/champ_msgs/msg/detail/point_array__struct.h
[21.738s] -- Symlinking: /home/enma/pudusu/ros2_ws/install/champ_msgs/include/champ_msgs/champ_msgs/msg/detail/point_array__type_support.h
[21.766s] -- Symlinking: /home/enma/pudusu/ros2_ws/install/champ_msgs/include/champ_msgs/champ_msgs/msg/detail/pose__functions.h
[21.787s] -- Symlinking: /home/enma/pudusu/ros2_ws/install/champ_msgs/include/champ_msgs/champ_msgs/msg/detail/pose__struct.h
[21.804s] -- Symlinking: /home/enma/pudusu/ros2_ws/install/champ_msgs/include/champ_msgs/champ_msgs/msg/detail/pose__type_support.h
[21.826s] -- Symlinking: /home/enma/pudusu/ros2_ws/install/champ_msgs/include/champ_msgs/champ_msgs/msg/detail/velocities__functions.h
[21.857s] -- Symlinking: /home/enma/pudusu/ros2_ws/install/champ_msgs/include/champ_msgs/champ_msgs/msg/detail/velocities__struct.h
[21.881s] -- Symlinking: /home/enma/pudusu/ros2_ws/install/champ_msgs/include/champ_msgs/champ_msgs/msg/detail/velocities__type_support.h
[21.903s] -- Symlinking: /home/enma/pudusu/ros2_ws/install/champ_msgs/include/champ_msgs/champ_msgs/msg/imu.h
[21.923s] -- Symlinking: /home/enma/pudusu/ros2_ws/install/champ_msgs/include/champ_msgs/champ_msgs/msg/joints.h
[21.953s] -- Symlinking: /home/enma/pudusu/ros2_ws/install/champ_msgs/include/champ_msgs/champ_msgs/msg/pid.h
[21.985s] -- Symlinking: /home/enma/pudusu/ros2_ws/install/champ_msgs/include/champ_msgs/champ_msgs/msg/point.h
[22.011s] -- Symlinking: /home/enma/pudusu/ros2_ws/install/champ_msgs/include/champ_msgs/champ_msgs/msg/point_array.h
[22.032s] -- Symlinking: /home/enma/pudusu/ros2_ws/install/champ_msgs/include/champ_msgs/champ_msgs/msg/pose.h
[22.055s] -- Symlinking: /home/enma/pudusu/ros2_ws/install/champ_msgs/include/champ_msgs/champ_msgs/msg/rosidl_generator_c__visibility_control.h
[22.080s] -- Symlinking: /home/enma/pudusu/ros2_ws/install/champ_msgs/include/champ_msgs/champ_msgs/msg/velocities.h
[22.107s] -- Symlinking: /home/enma/pudusu/ros2_ws/install/champ_msgs/share/champ_msgs/environment/library_path.sh
[22.137s] -- Symlinking: /home/enma/pudusu/ros2_ws/install/champ_msgs/share/champ_msgs/environment/library_path.dsv
[22.162s] -- Symlinking: /home/enma/pudusu/ros2_ws/install/champ_msgs/include/champ_msgs/champ_msgs/msg/detail/contacts__rosidl_typesupport_fastrtps_c.h
[22.192s] -- Symlinking: /home/enma/pudusu/ros2_ws/install/champ_msgs/include/champ_msgs/champ_msgs/msg/detail/contacts_stamped__rosidl_typesupport_fastrtps_c.h
[22.222s] -- Symlinking: /home/enma/pudusu/ros2_ws/install/champ_msgs/include/champ_msgs/champ_msgs/msg/detail/imu__rosidl_typesupport_fastrtps_c.h
[22.241s] -- Symlinking: /home/enma/pudusu/ros2_ws/install/champ_msgs/include/champ_msgs/champ_msgs/msg/detail/joints__rosidl_typesupport_fastrtps_c.h
[22.260s] -- Symlinking: /home/enma/pudusu/ros2_ws/install/champ_msgs/include/champ_msgs/champ_msgs/msg/detail/pid__rosidl_typesupport_fastrtps_c.h
[22.280s] -- Symlinking: /home/enma/pudusu/ros2_ws/install/champ_msgs/include/champ_msgs/champ_msgs/msg/detail/point__rosidl_typesupport_fastrtps_c.h
[22.307s] -- Symlinking: /home/enma/pudusu/ros2_ws/install/champ_msgs/include/champ_msgs/champ_msgs/msg/detail/point_array__rosidl_typesupport_fastrtps_c.h
[22.342s] -- Symlinking: /home/enma/pudusu/ros2_ws/install/champ_msgs/include/champ_msgs/champ_msgs/msg/detail/pose__rosidl_typesupport_fastrtps_c.h
[22.371s] -- Symlinking: /home/enma/pudusu/ros2_ws/install/champ_msgs/include/champ_msgs/champ_msgs/msg/detail/velocities__rosidl_typesupport_fastrtps_c.h
[22.392s] -- Symlinking: /home/enma/pudusu/ros2_ws/install/champ_msgs/include/champ_msgs/champ_msgs/msg/rosidl_typesupport_fastrtps_c__visibility_control.h
[22.415s] -- Symlinking: /home/enma/pudusu/ros2_ws/install/champ_msgs/include/champ_msgs/champ_msgs/msg/detail/contacts__rosidl_typesupport_introspection_c.h
[22.441s] -- Symlinking: /home/enma/pudusu/ros2_ws/install/champ_msgs/include/champ_msgs/champ_msgs/msg/detail/contacts_stamped__rosidl_typesupport_introspection_c.h
[22.467s] -- Symlinking: /home/enma/pudusu/ros2_ws/install/champ_msgs/include/champ_msgs/champ_msgs/msg/detail/imu__rosidl_typesupport_introspection_c.h
[22.491s] -- Symlinking: /home/enma/pudusu/ros2_ws/install/champ_msgs/include/champ_msgs/champ_msgs/msg/detail/joints__rosidl_typesupport_introspection_c.h
[22.519s] -- Symlinking: /home/enma/pudusu/ros2_ws/install/champ_msgs/include/champ_msgs/champ_msgs/msg/detail/pid__rosidl_typesupport_introspection_c.h
[22.544s] -- Symlinking: /home/enma/pudusu/ros2_ws/install/champ_msgs/include/champ_msgs/champ_msgs/msg/detail/point__rosidl_typesupport_introspection_c.h
[22.572s] -- Symlinking: /home/enma/pudusu/ros2_ws/install/champ_msgs/include/champ_msgs/champ_msgs/msg/detail/point_array__rosidl_typesupport_introspection_c.h
[22.600s] -- Symlinking: /home/enma/pudusu/ros2_ws/install/champ_msgs/include/champ_msgs/champ_msgs/msg/detail/pose__rosidl_typesupport_introspection_c.h
[22.623s] -- Symlinking: /home/enma/pudusu/ros2_ws/install/champ_msgs/include/champ_msgs/champ_msgs/msg/detail/velocities__rosidl_typesupport_introspection_c.h
[22.641s] -- Symlinking: /home/enma/pudusu/ros2_ws/install/champ_msgs/include/champ_msgs/champ_msgs/msg/rosidl_typesupport_introspection_c__visibility_control.h
[22.664s] -- Symlinking: /home/enma/pudusu/ros2_ws/install/champ_msgs/include/champ_msgs/champ_msgs/msg/contacts.hpp
[22.700s] -- Symlinking: /home/enma/pudusu/ros2_ws/install/champ_msgs/include/champ_msgs/champ_msgs/msg/contacts_stamped.hpp
[22.730s] -- Symlinking: /home/enma/pudusu/ros2_ws/install/champ_msgs/include/champ_msgs/champ_msgs/msg/detail/contacts__builder.hpp
[22.757s] -- Symlinking: /home/enma/pudusu/ros2_ws/install/champ_msgs/include/champ_msgs/champ_msgs/msg/detail/contacts__struct.hpp
[22.781s] -- Symlinking: /home/enma/pudusu/ros2_ws/install/champ_msgs/include/champ_msgs/champ_msgs/msg/detail/contacts__traits.hpp
[22.805s] -- Symlinking: /home/enma/pudusu/ros2_ws/install/champ_msgs/include/champ_msgs/champ_msgs/msg/detail/contacts__type_support.hpp
[22.834s] -- Symlinking: /home/enma/pudusu/ros2_ws/install/champ_msgs/include/champ_msgs/champ_msgs/msg/detail/contacts_stamped__builder.hpp
[22.861s] -- Symlinking: /home/enma/pudusu/ros2_ws/install/champ_msgs/include/champ_msgs/champ_msgs/msg/detail/contacts_stamped__struct.hpp
[22.891s] -- Symlinking: /home/enma/pudusu/ros2_ws/install/champ_msgs/include/champ_msgs/champ_msgs/msg/detail/contacts_stamped__traits.hpp
[22.923s] -- Symlinking: /home/enma/pudusu/ros2_ws/install/champ_msgs/include/champ_msgs/champ_msgs/msg/detail/contacts_stamped__type_support.hpp
[22.954s] -- Symlinking: /home/enma/pudusu/ros2_ws/install/champ_msgs/include/champ_msgs/champ_msgs/msg/detail/imu__builder.hpp
[22.984s] -- Symlinking: /home/enma/pudusu/ros2_ws/install/champ_msgs/include/champ_msgs/champ_msgs/msg/detail/imu__struct.hpp
[23.019s] -- Symlinking: /home/enma/pudusu/ros2_ws/install/champ_msgs/include/champ_msgs/champ_msgs/msg/detail/imu__traits.hpp
[23.045s] -- Symlinking: /home/enma/pudusu/ros2_ws/install/champ_msgs/include/champ_msgs/champ_msgs/msg/detail/imu__type_support.hpp
[23.072s] -- Symlinking: /home/enma/pudusu/ros2_ws/install/champ_msgs/include/champ_msgs/champ_msgs/msg/detail/joints__builder.hpp
[23.110s] -- Symlinking: /home/enma/pudusu/ros2_ws/install/champ_msgs/include/champ_msgs/champ_msgs/msg/detail/joints__struct.hpp
[23.144s] -- Symlinking: /home/enma/pudusu/ros2_ws/install/champ_msgs/include/champ_msgs/champ_msgs/msg/detail/joints__traits.hpp
[23.170s] -- Symlinking: /home/enma/pudusu/ros2_ws/install/champ_msgs/include/champ_msgs/champ_msgs/msg/detail/joints__type_support.hpp
[23.196s] -- Symlinking: /home/enma/pudusu/ros2_ws/install/champ_msgs/include/champ_msgs/champ_msgs/msg/detail/pid__builder.hpp
[23.224s] -- Symlinking: /home/enma/pudusu/ros2_ws/install/champ_msgs/include/champ_msgs/champ_msgs/msg/detail/pid__struct.hpp
[23.249s] -- Symlinking: /home/enma/pudusu/ros2_ws/install/champ_msgs/include/champ_msgs/champ_msgs/msg/detail/pid__traits.hpp
[23.268s] -- Symlinking: /home/enma/pudusu/ros2_ws/install/champ_msgs/include/champ_msgs/champ_msgs/msg/detail/pid__type_support.hpp
[23.291s] -- Symlinking: /home/enma/pudusu/ros2_ws/install/champ_msgs/include/champ_msgs/champ_msgs/msg/detail/point__builder.hpp
[23.307s] -- Symlinking: /home/enma/pudusu/ros2_ws/install/champ_msgs/include/champ_msgs/champ_msgs/msg/detail/point__struct.hpp
[23.338s] -- Symlinking: /home/enma/pudusu/ros2_ws/install/champ_msgs/include/champ_msgs/champ_msgs/msg/detail/point__traits.hpp
[23.369s] -- Symlinking: /home/enma/pudusu/ros2_ws/install/champ_msgs/include/champ_msgs/champ_msgs/msg/detail/point__type_support.hpp
[23.399s] -- Symlinking: /home/enma/pudusu/ros2_ws/install/champ_msgs/include/champ_msgs/champ_msgs/msg/detail/point_array__builder.hpp
[23.433s] -- Symlinking: /home/enma/pudusu/ros2_ws/install/champ_msgs/include/champ_msgs/champ_msgs/msg/detail/point_array__struct.hpp
[23.471s] -- Symlinking: /home/enma/pudusu/ros2_ws/install/champ_msgs/include/champ_msgs/champ_msgs/msg/detail/point_array__traits.hpp
[23.485s] -- Symlinking: /home/enma/pudusu/ros2_ws/install/champ_msgs/include/champ_msgs/champ_msgs/msg/detail/point_array__type_support.hpp
[23.507s] -- Symlinking: /home/enma/pudusu/ros2_ws/install/champ_msgs/include/champ_msgs/champ_msgs/msg/detail/pose__builder.hpp
[23.531s] -- Symlinking: /home/enma/pudusu/ros2_ws/install/champ_msgs/include/champ_msgs/champ_msgs/msg/detail/pose__struct.hpp
[23.564s] -- Symlinking: /home/enma/pudusu/ros2_ws/install/champ_msgs/include/champ_msgs/champ_msgs/msg/detail/pose__traits.hpp
[23.593s] -- Symlinking: /home/enma/pudusu/ros2_ws/install/champ_msgs/include/champ_msgs/champ_msgs/msg/detail/pose__type_support.hpp
[23.614s] -- Symlinking: /home/enma/pudusu/ros2_ws/install/champ_msgs/include/champ_msgs/champ_msgs/msg/detail/velocities__builder.hpp
[23.639s] -- Symlinking: /home/enma/pudusu/ros2_ws/install/champ_msgs/include/champ_msgs/champ_msgs/msg/detail/velocities__struct.hpp
[23.661s] -- Symlinking: /home/enma/pudusu/ros2_ws/install/champ_msgs/include/champ_msgs/champ_msgs/msg/detail/velocities__traits.hpp
[23.685s] -- Symlinking: /home/enma/pudusu/ros2_ws/install/champ_msgs/include/champ_msgs/champ_msgs/msg/detail/velocities__type_support.hpp
[23.717s] -- Symlinking: /home/enma/pudusu/ros2_ws/install/champ_msgs/include/champ_msgs/champ_msgs/msg/imu.hpp
[23.737s] -- Symlinking: /home/enma/pudusu/ros2_ws/install/champ_msgs/include/champ_msgs/champ_msgs/msg/joints.hpp
[23.756s] -- Symlinking: /home/enma/pudusu/ros2_ws/install/champ_msgs/include/champ_msgs/champ_msgs/msg/pid.hpp
[23.783s] -- Symlinking: /home/enma/pudusu/ros2_ws/install/champ_msgs/include/champ_msgs/champ_msgs/msg/point.hpp
[23.814s] -- Symlinking: /home/enma/pudusu/ros2_ws/install/champ_msgs/include/champ_msgs/champ_msgs/msg/point_array.hpp
[23.839s] -- Symlinking: /home/enma/pudusu/ros2_ws/install/champ_msgs/include/champ_msgs/champ_msgs/msg/pose.hpp
[23.865s] -- Symlinking: /home/enma/pudusu/ros2_ws/install/champ_msgs/include/champ_msgs/champ_msgs/msg/rosidl_generator_cpp__visibility_control.hpp
[23.893s] -- Symlinking: /home/enma/pudusu/ros2_ws/install/champ_msgs/include/champ_msgs/champ_msgs/msg/velocities.hpp
[23.923s] -- Symlinking: /home/enma/pudusu/ros2_ws/install/champ_msgs/include/champ_msgs/champ_msgs/msg/detail/contacts__rosidl_typesupport_fastrtps_cpp.hpp
[23.951s] -- Symlinking: /home/enma/pudusu/ros2_ws/install/champ_msgs/include/champ_msgs/champ_msgs/msg/detail/contacts_stamped__rosidl_typesupport_fastrtps_cpp.hpp
[23.973s] -- Symlinking: /home/enma/pudusu/ros2_ws/install/champ_msgs/include/champ_msgs/champ_msgs/msg/detail/imu__rosidl_typesupport_fastrtps_cpp.hpp
[24.007s] -- Symlinking: /home/enma/pudusu/ros2_ws/install/champ_msgs/include/champ_msgs/champ_msgs/msg/detail/joints__rosidl_typesupport_fastrtps_cpp.hpp
[24.033s] -- Symlinking: /home/enma/pudusu/ros2_ws/install/champ_msgs/include/champ_msgs/champ_msgs/msg/detail/pid__rosidl_typesupport_fastrtps_cpp.hpp
[24.059s] -- Symlinking: /home/enma/pudusu/ros2_ws/install/champ_msgs/include/champ_msgs/champ_msgs/msg/detail/point__rosidl_typesupport_fastrtps_cpp.hpp
[24.080s] -- Symlinking: /home/enma/pudusu/ros2_ws/install/champ_msgs/include/champ_msgs/champ_msgs/msg/detail/point_array__rosidl_typesupport_fastrtps_cpp.hpp
[24.104s] -- Symlinking: /home/enma/pudusu/ros2_ws/install/champ_msgs/include/champ_msgs/champ_msgs/msg/detail/pose__rosidl_typesupport_fastrtps_cpp.hpp
[24.128s] -- Symlinking: /home/enma/pudusu/ros2_ws/install/champ_msgs/include/champ_msgs/champ_msgs/msg/detail/velocities__rosidl_typesupport_fastrtps_cpp.hpp
[24.146s] -- Symlinking: /home/enma/pudusu/ros2_ws/install/champ_msgs/include/champ_msgs/champ_msgs/msg/rosidl_typesupport_fastrtps_cpp__visibility_control.h
[24.167s] -- Symlinking: /home/enma/pudusu/ros2_ws/install/champ_msgs/include/champ_msgs/champ_msgs/msg/detail/contacts__rosidl_typesupport_introspection_cpp.hpp
[24.188s] -- Symlinking: /home/enma/pudusu/ros2_ws/install/champ_msgs/include/champ_msgs/champ_msgs/msg/detail/contacts_stamped__rosidl_typesupport_introspection_cpp.hpp
[24.211s] -- Symlinking: /home/enma/pudusu/ros2_ws/install/champ_msgs/include/champ_msgs/champ_msgs/msg/detail/imu__rosidl_typesupport_introspection_cpp.hpp
[24.235s] -- Symlinking: /home/enma/pudusu/ros2_ws/install/champ_msgs/include/champ_msgs/champ_msgs/msg/detail/joints__rosidl_typesupport_introspection_cpp.hpp
[24.256s] -- Symlinking: /home/enma/pudusu/ros2_ws/install/champ_msgs/include/champ_msgs/champ_msgs/msg/detail/pid__rosidl_typesupport_introspection_cpp.hpp
[24.280s] -- Symlinking: /home/enma/pudusu/ros2_ws/install/champ_msgs/include/champ_msgs/champ_msgs/msg/detail/point__rosidl_typesupport_introspection_cpp.hpp
[24.304s] -- Symlinking: /home/enma/pudusu/ros2_ws/install/champ_msgs/include/champ_msgs/champ_msgs/msg/detail/point_array__rosidl_typesupport_introspection_cpp.hpp
[24.330s] -- Symlinking: /home/enma/pudusu/ros2_ws/install/champ_msgs/include/champ_msgs/champ_msgs/msg/detail/pose__rosidl_typesupport_introspection_cpp.hpp
[24.354s] -- Symlinking: /home/enma/pudusu/ros2_ws/install/champ_msgs/include/champ_msgs/champ_msgs/msg/detail/velocities__rosidl_typesupport_introspection_cpp.hpp
[24.373s] -- Symlinking: /home/enma/pudusu/ros2_ws/install/champ_msgs/share/champ_msgs/environment/pythonpath.sh
[24.396s] -- Symlinking: /home/enma/pudusu/ros2_ws/install/champ_msgs/share/champ_msgs/environment/pythonpath.dsv
[24.430s] -- Symlinking: /home/enma/pudusu/ros2_ws/install/champ_msgs/local/lib/python3.10/dist-packages/champ_msgs-0.0.0-py3.10.egg-info/PKG-INFO
[24.455s] -- Symlinking: /home/enma/pudusu/ros2_ws/install/champ_msgs/local/lib/python3.10/dist-packages/champ_msgs-0.0.0-py3.10.egg-info/SOURCES.txt
[24.479s] -- Symlinking: /home/enma/pudusu/ros2_ws/install/champ_msgs/local/lib/python3.10/dist-packages/champ_msgs-0.0.0-py3.10.egg-info/dependency_links.txt
[24.499s] -- Symlinking: /home/enma/pudusu/ros2_ws/install/champ_msgs/local/lib/python3.10/dist-packages/champ_msgs-0.0.0-py3.10.egg-info/top_level.txt
[24.521s] -- Symlinking: /home/enma/pudusu/ros2_ws/install/champ_msgs/local/lib/python3.10/dist-packages/champ_msgs/__init__.py
[24.544s] -- Symlinking: /home/enma/pudusu/ros2_ws/install/champ_msgs/local/lib/python3.10/dist-packages/champ_msgs/_champ_msgs_s.ep.rosidl_typesupport_c.c
[24.575s] -- Symlinking: /home/enma/pudusu/ros2_ws/install/champ_msgs/local/lib/python3.10/dist-packages/champ_msgs/_champ_msgs_s.ep.rosidl_typesupport_fastrtps_c.c
[24.605s] -- Symlinking: /home/enma/pudusu/ros2_ws/install/champ_msgs/local/lib/python3.10/dist-packages/champ_msgs/_champ_msgs_s.ep.rosidl_typesupport_introspection_c.c
[24.630s] -- Symlinking: /home/enma/pudusu/ros2_ws/install/champ_msgs/local/lib/python3.10/dist-packages/champ_msgs/champ_msgs_s__rosidl_typesupport_c.cpython-310-x86_64-linux-gnu.so
[24.652s] -- Symlinking: /home/enma/pudusu/ros2_ws/install/champ_msgs/local/lib/python3.10/dist-packages/champ_msgs/champ_msgs_s__rosidl_typesupport_fastrtps_c.cpython-310-x86_64-linux-gnu.so
[24.671s] -- Symlinking: /home/enma/pudusu/ros2_ws/install/champ_msgs/local/lib/python3.10/dist-packages/champ_msgs/champ_msgs_s__rosidl_typesupport_introspection_c.cpython-310-x86_64-linux-gnu.so
[24.689s] -- Symlinking: /home/enma/pudusu/ros2_ws/install/champ_msgs/local/lib/python3.10/dist-packages/champ_msgs/libchamp_msgs__rosidl_generator_py.so
[24.717s] -- Symlinking: /home/enma/pudusu/ros2_ws/install/champ_msgs/local/lib/python3.10/dist-packages/champ_msgs/msg/__init__.py
[24.744s] -- Symlinking: /home/enma/pudusu/ros2_ws/install/champ_msgs/local/lib/python3.10/dist-packages/champ_msgs/msg/_contacts.py
[24.767s] -- Symlinking: /home/enma/pudusu/ros2_ws/install/champ_msgs/local/lib/python3.10/dist-packages/champ_msgs/msg/_contacts_s.c
[24.784s] -- Symlinking: /home/enma/pudusu/ros2_ws/install/champ_msgs/local/lib/python3.10/dist-packages/champ_msgs/msg/_contacts_stamped.py
[24.811s] -- Symlinking: /home/enma/pudusu/ros2_ws/install/champ_msgs/local/lib/python3.10/dist-packages/champ_msgs/msg/_contacts_stamped_s.c
[24.834s] -- Symlinking: /home/enma/pudusu/ros2_ws/install/champ_msgs/local/lib/python3.10/dist-packages/champ_msgs/msg/_imu.py
[24.857s] -- Symlinking: /home/enma/pudusu/ros2_ws/install/champ_msgs/local/lib/python3.10/dist-packages/champ_msgs/msg/_imu_s.c
[24.878s] -- Symlinking: /home/enma/pudusu/ros2_ws/install/champ_msgs/local/lib/python3.10/dist-packages/champ_msgs/msg/_joints.py
[24.903s] -- Symlinking: /home/enma/pudusu/ros2_ws/install/champ_msgs/local/lib/python3.10/dist-packages/champ_msgs/msg/_joints_s.c
[24.933s] -- Symlinking: /home/enma/pudusu/ros2_ws/install/champ_msgs/local/lib/python3.10/dist-packages/champ_msgs/msg/_pid.py
[24.956s] -- Symlinking: /home/enma/pudusu/ros2_ws/install/champ_msgs/local/lib/python3.10/dist-packages/champ_msgs/msg/_pid_s.c
[24.982s] -- Symlinking: /home/enma/pudusu/ros2_ws/install/champ_msgs/local/lib/python3.10/dist-packages/champ_msgs/msg/_point.py
[25.005s] -- Symlinking: /home/enma/pudusu/ros2_ws/install/champ_msgs/local/lib/python3.10/dist-packages/champ_msgs/msg/_point_array.py
[25.037s] -- Symlinking: /home/enma/pudusu/ros2_ws/install/champ_msgs/local/lib/python3.10/dist-packages/champ_msgs/msg/_point_array_s.c
[25.067s] -- Symlinking: /home/enma/pudusu/ros2_ws/install/champ_msgs/local/lib/python3.10/dist-packages/champ_msgs/msg/_point_s.c
[25.098s] -- Symlinking: /home/enma/pudusu/ros2_ws/install/champ_msgs/local/lib/python3.10/dist-packages/champ_msgs/msg/_pose.py
[25.125s] -- Symlinking: /home/enma/pudusu/ros2_ws/install/champ_msgs/local/lib/python3.10/dist-packages/champ_msgs/msg/_pose_s.c
[25.145s] -- Symlinking: /home/enma/pudusu/ros2_ws/install/champ_msgs/local/lib/python3.10/dist-packages/champ_msgs/msg/_velocities.py
[25.167s] -- Symlinking: /home/enma/pudusu/ros2_ws/install/champ_msgs/local/lib/python3.10/dist-packages/champ_msgs/msg/_velocities_s.c
[25.186s] -- Up-to-date symlink: /home/enma/pudusu/ros2_ws/install/champ_msgs/local/lib/python3.10/dist-packages/champ_msgs/champ_msgs_s__rosidl_typesupport_fastrtps_c.cpython-310-x86_64-linux-gnu.so
[25.187s] -- Up-to-date symlink: /home/enma/pudusu/ros2_ws/install/champ_msgs/local/lib/python3.10/dist-packages/champ_msgs/champ_msgs_s__rosidl_typesupport_introspection_c.cpython-310-x86_64-linux-gnu.so
[25.189s] -- Up-to-date symlink: /home/enma/pudusu/ros2_ws/install/champ_msgs/local/lib/python3.10/dist-packages/champ_msgs/champ_msgs_s__rosidl_typesupport_c.cpython-310-x86_64-linux-gnu.so
[25.190s] -- Symlinking: /home/enma/pudusu/ros2_ws/install/champ_msgs/share/champ_msgs/msg/Contacts.idl
[25.224s] -- Symlinking: /home/enma/pudusu/ros2_ws/install/champ_msgs/share/champ_msgs/msg/ContactsStamped.idl
[25.248s] -- Symlinking: /home/enma/pudusu/ros2_ws/install/champ_msgs/share/champ_msgs/msg/Imu.idl
[25.271s] -- Symlinking: /home/enma/pudusu/ros2_ws/install/champ_msgs/share/champ_msgs/msg/Joints.idl
[25.297s] -- Symlinking: /home/enma/pudusu/ros2_ws/install/champ_msgs/share/champ_msgs/msg/PID.idl
[25.318s] -- Symlinking: /home/enma/pudusu/ros2_ws/install/champ_msgs/share/champ_msgs/msg/Point.idl
[25.347s] -- Symlinking: /home/enma/pudusu/ros2_ws/install/champ_msgs/share/champ_msgs/msg/PointArray.idl
[25.372s] -- Symlinking: /home/enma/pudusu/ros2_ws/install/champ_msgs/share/champ_msgs/msg/Pose.idl
[25.403s] -- Symlinking: /home/enma/pudusu/ros2_ws/install/champ_msgs/share/champ_msgs/msg/Velocities.idl
[25.433s] -- Symlinking: /home/enma/pudusu/ros2_ws/install/champ_msgs/share/champ_msgs/msg/Contacts.msg
[25.458s] -- Symlinking: /home/enma/pudusu/ros2_ws/install/champ_msgs/share/champ_msgs/msg/ContactsStamped.msg
[25.488s] -- Symlinking: /home/enma/pudusu/ros2_ws/install/champ_msgs/share/champ_msgs/msg/Imu.msg
[25.528s] -- Symlinking: /home/enma/pudusu/ros2_ws/install/champ_msgs/share/champ_msgs/msg/Joints.msg
[25.563s] -- Symlinking: /home/enma/pudusu/ros2_ws/install/champ_msgs/share/champ_msgs/msg/PID.msg
[25.586s] -- Symlinking: /home/enma/pudusu/ros2_ws/install/champ_msgs/share/champ_msgs/msg/Point.msg
[25.609s] -- Symlinking: /home/enma/pudusu/ros2_ws/install/champ_msgs/share/champ_msgs/msg/PointArray.msg
[25.630s] -- Symlinking: /home/enma/pudusu/ros2_ws/install/champ_msgs/share/champ_msgs/msg/Pose.msg
[25.663s] -- Symlinking: /home/enma/pudusu/ros2_ws/install/champ_msgs/share/champ_msgs/msg/Velocities.msg
[25.687s] -- Symlinking: /home/enma/pudusu/ros2_ws/install/champ_msgs/share/ament_index/resource_index/package_run_dependencies/champ_msgs
[25.712s] -- Symlinking: /home/enma/pudusu/ros2_ws/install/champ_msgs/share/ament_index/resource_index/parent_prefix_path/champ_msgs
[25.734s] -- Symlinking: /home/enma/pudusu/ros2_ws/install/champ_msgs/share/champ_msgs/environment/ament_prefix_path.sh
[25.765s] -- Symlinking: /home/enma/pudusu/ros2_ws/install/champ_msgs/share/champ_msgs/environment/ament_prefix_path.dsv
[25.800s] -- Symlinking: /home/enma/pudusu/ros2_ws/install/champ_msgs/share/champ_msgs/environment/path.sh
[25.827s] -- Symlinking: /home/enma/pudusu/ros2_ws/install/champ_msgs/share/champ_msgs/environment/path.dsv
[25.854s] -- Symlinking: /home/enma/pudusu/ros2_ws/install/champ_msgs/share/champ_msgs/local_setup.bash
[25.887s] -- Symlinking: /home/enma/pudusu/ros2_ws/install/champ_msgs/share/champ_msgs/local_setup.sh
[25.917s] -- Symlinking: /home/enma/pudusu/ros2_ws/install/champ_msgs/share/champ_msgs/local_setup.zsh
[25.943s] -- Symlinking: /home/enma/pudusu/ros2_ws/install/champ_msgs/share/champ_msgs/local_setup.dsv
[25.969s] -- Symlinking: /home/enma/pudusu/ros2_ws/install/champ_msgs/share/champ_msgs/package.dsv
[26.003s] -- Symlinking: /home/enma/pudusu/ros2_ws/install/champ_msgs/share/ament_index/resource_index/packages/champ_msgs
[26.037s] -- Symlinking: /home/enma/pudusu/ros2_ws/install/champ_msgs/share/champ_msgs/cmake/rosidl_cmake-extras.cmake
[26.067s] -- Symlinking: /home/enma/pudusu/ros2_ws/install/champ_msgs/share/champ_msgs/cmake/ament_cmake_export_dependencies-extras.cmake
[26.094s] -- Symlinking: /home/enma/pudusu/ros2_ws/install/champ_msgs/share/champ_msgs/cmake/ament_cmake_export_include_directories-extras.cmake
[26.121s] -- Symlinking: /home/enma/pudusu/ros2_ws/install/champ_msgs/share/champ_msgs/cmake/ament_cmake_export_libraries-extras.cmake
[26.149s] -- Symlinking: /home/enma/pudusu/ros2_ws/install/champ_msgs/share/champ_msgs/cmake/ament_cmake_export_targets-extras.cmake
[26.175s] -- Symlinking: /home/enma/pudusu/ros2_ws/install/champ_msgs/share/champ_msgs/cmake/rosidl_cmake_export_typesupport_targets-extras.cmake
[26.193s] -- Symlinking: /home/enma/pudusu/ros2_ws/install/champ_msgs/share/champ_msgs/cmake/rosidl_cmake_export_typesupport_libraries-extras.cmake
[26.217s] -- Symlinking: /home/enma/pudusu/ros2_ws/install/champ_msgs/share/champ_msgs/cmake/champ_msgsConfig.cmake
[26.246s] -- Symlinking: /home/enma/pudusu/ros2_ws/install/champ_msgs/share/champ_msgs/cmake/champ_msgsConfig-version.cmake
[26.279s] -- Symlinking: /home/enma/pudusu/ros2_ws/install/champ_msgs/share/champ_msgs/package.xml
[26.313s] -- Installing: /home/enma/pudusu/ros2_ws/install/champ_msgs/lib/libchamp_msgs__rosidl_generator_c.so
[26.314s] -- Set runtime path of "/home/enma/pudusu/ros2_ws/install/champ_msgs/lib/libchamp_msgs__rosidl_generator_c.so" to ""
[26.315s] -- Installing: /home/enma/pudusu/ros2_ws/install/champ_msgs/lib/libchamp_msgs__rosidl_typesupport_fastrtps_c.so
[26.315s] -- Set runtime path of "/home/enma/pudusu/ros2_ws/install/champ_msgs/lib/libchamp_msgs__rosidl_typesupport_fastrtps_c.so" to ""
[26.316s] -- Installing: /home/enma/pudusu/ros2_ws/install/champ_msgs/lib/libchamp_msgs__rosidl_typesupport_introspection_c.so
[26.316s] -- Set runtime path of "/home/enma/pudusu/ros2_ws/install/champ_msgs/lib/libchamp_msgs__rosidl_typesupport_introspection_c.so" to ""
[26.317s] -- Installing: /home/enma/pudusu/ros2_ws/install/champ_msgs/lib/libchamp_msgs__rosidl_typesupport_c.so
[26.317s] -- Set runtime path of "/home/enma/pudusu/ros2_ws/install/champ_msgs/lib/libchamp_msgs__rosidl_typesupport_c.so" to ""
[26.318s] -- Installing: /home/enma/pudusu/ros2_ws/install/champ_msgs/lib/libchamp_msgs__rosidl_typesupport_fastrtps_cpp.so
[26.319s] -- Set runtime path of "/home/enma/pudusu/ros2_ws/install/champ_msgs/lib/libchamp_msgs__rosidl_typesupport_fastrtps_cpp.so" to ""
[26.319s] -- Installing: /home/enma/pudusu/ros2_ws/install/champ_msgs/lib/libchamp_msgs__rosidl_typesupport_introspection_cpp.so
[26.320s] -- Set runtime path of "/home/enma/pudusu/ros2_ws/install/champ_msgs/lib/libchamp_msgs__rosidl_typesupport_introspection_cpp.so" to ""
[26.321s] -- Installing: /home/enma/pudusu/ros2_ws/install/champ_msgs/lib/libchamp_msgs__rosidl_typesupport_cpp.so
[26.321s] -- Set runtime path of "/home/enma/pudusu/ros2_ws/install/champ_msgs/lib/libchamp_msgs__rosidl_typesupport_cpp.so" to ""
[26.490s] Listing '/home/enma/pudusu/ros2_ws/install/champ_msgs/local/lib/python3.10/dist-packages/champ_msgs'...
[26.490s] Compiling '/home/enma/pudusu/ros2_ws/install/champ_msgs/local/lib/python3.10/dist-packages/champ_msgs/__init__.py'...
[26.491s] Listing '/home/enma/pudusu/ros2_ws/install/champ_msgs/local/lib/python3.10/dist-packages/champ_msgs/msg'...
[26.491s] Compiling '/home/enma/pudusu/ros2_ws/install/champ_msgs/local/lib/python3.10/dist-packages/champ_msgs/msg/__init__.py'...
[26.491s] Compiling '/home/enma/pudusu/ros2_ws/install/champ_msgs/local/lib/python3.10/dist-packages/champ_msgs/msg/_contacts.py'...
[26.492s] Compiling '/home/enma/pudusu/ros2_ws/install/champ_msgs/local/lib/python3.10/dist-packages/champ_msgs/msg/_contacts_stamped.py'...
[26.492s] Compiling '/home/enma/pudusu/ros2_ws/install/champ_msgs/local/lib/python3.10/dist-packages/champ_msgs/msg/_imu.py'...
[26.492s] Compiling '/home/enma/pudusu/ros2_ws/install/champ_msgs/local/lib/python3.10/dist-packages/champ_msgs/msg/_joints.py'...
[26.497s] Compiling '/home/enma/pudusu/ros2_ws/install/champ_msgs/local/lib/python3.10/dist-packages/champ_msgs/msg/_pid.py'...
[26.497s] Compiling '/home/enma/pudusu/ros2_ws/install/champ_msgs/local/lib/python3.10/dist-packages/champ_msgs/msg/_point.py'...
[26.497s] Compiling '/home/enma/pudusu/ros2_ws/install/champ_msgs/local/lib/python3.10/dist-packages/champ_msgs/msg/_point_array.py'...
[26.498s] Compiling '/home/enma/pudusu/ros2_ws/install/champ_msgs/local/lib/python3.10/dist-packages/champ_msgs/msg/_pose.py'...
[26.498s] Compiling '/home/enma/pudusu/ros2_ws/install/champ_msgs/local/lib/python3.10/dist-packages/champ_msgs/msg/_velocities.py'...
[26.505s] -- Installing: /home/enma/pudusu/ros2_ws/install/champ_msgs/lib/libchamp_msgs__rosidl_generator_py.so
[26.506s] -- Set runtime path of "/home/enma/pudusu/ros2_ws/install/champ_msgs/lib/libchamp_msgs__rosidl_generator_py.so" to ""
[26.506s] -- Installing: /home/enma/pudusu/ros2_ws/install/champ_msgs/share/champ_msgs/cmake/export_champ_msgs__rosidl_generator_cExport.cmake
[26.507s] -- Installing: /home/enma/pudusu/ros2_ws/install/champ_msgs/share/champ_msgs/cmake/export_champ_msgs__rosidl_generator_cExport-noconfig.cmake
[26.507s] -- Installing: /home/enma/pudusu/ros2_ws/install/champ_msgs/share/champ_msgs/cmake/export_champ_msgs__rosidl_typesupport_fastrtps_cExport.cmake
[26.507s] -- Installing: /home/enma/pudusu/ros2_ws/install/champ_msgs/share/champ_msgs/cmake/export_champ_msgs__rosidl_typesupport_fastrtps_cExport-noconfig.cmake
[26.508s] -- Installing: /home/enma/pudusu/ros2_ws/install/champ_msgs/share/champ_msgs/cmake/champ_msgs__rosidl_typesupport_introspection_cExport.cmake
[26.508s] -- Installing: /home/enma/pudusu/ros2_ws/install/champ_msgs/share/champ_msgs/cmake/champ_msgs__rosidl_typesupport_introspection_cExport-noconfig.cmake
[26.508s] -- Installing: /home/enma/pudusu/ros2_ws/install/champ_msgs/share/champ_msgs/cmake/champ_msgs__rosidl_typesupport_cExport.cmake
[26.508s] -- Installing: /home/enma/pudusu/ros2_ws/install/champ_msgs/share/champ_msgs/cmake/champ_msgs__rosidl_typesupport_cExport-noconfig.cmake
[26.511s] -- Installing: /home/enma/pudusu/ros2_ws/install/champ_msgs/share/champ_msgs/cmake/export_champ_msgs__rosidl_generator_cppExport.cmake
[26.511s] -- Installing: /home/enma/pudusu/ros2_ws/install/champ_msgs/share/champ_msgs/cmake/export_champ_msgs__rosidl_typesupport_fastrtps_cppExport.cmake
[26.511s] -- Installing: /home/enma/pudusu/ros2_ws/install/champ_msgs/share/champ_msgs/cmake/export_champ_msgs__rosidl_typesupport_fastrtps_cppExport-noconfig.cmake
[26.512s] -- Installing: /home/enma/pudusu/ros2_ws/install/champ_msgs/share/champ_msgs/cmake/champ_msgs__rosidl_typesupport_introspection_cppExport.cmake
[26.512s] -- Installing: /home/enma/pudusu/ros2_ws/install/champ_msgs/share/champ_msgs/cmake/champ_msgs__rosidl_typesupport_introspection_cppExport-noconfig.cmake
[26.512s] -- Installing: /home/enma/pudusu/ros2_ws/install/champ_msgs/share/champ_msgs/cmake/champ_msgs__rosidl_typesupport_cppExport.cmake
[26.516s] -- Installing: /home/enma/pudusu/ros2_ws/install/champ_msgs/share/champ_msgs/cmake/champ_msgs__rosidl_typesupport_cppExport-noconfig.cmake
[26.516s] -- Installing: /home/enma/pudusu/ros2_ws/install/champ_msgs/share/champ_msgs/cmake/export_champ_msgs__rosidl_generator_pyExport.cmake
[26.516s] -- Installing: /home/enma/pudusu/ros2_ws/install/champ_msgs/share/champ_msgs/cmake/export_champ_msgs__rosidl_generator_pyExport-noconfig.cmake
[26.519s] Invoked command in '/home/enma/pudusu/ros2_ws/build/champ_msgs' returned '0': CMAKE_PREFIX_PATH=/opt/ros/humble /usr/bin/cmake --install /home/enma/pudusu/ros2_ws/build/champ_msgs
