-- The C compiler identification is GNU 11.4.0
-- The CXX compiler identification is GNU 11.4.0
-- Detecting C compiler ABI info
-- Detecting C compiler ABI info - done
-- Check for working C compiler: /usr/bin/cc - skipped
-- Detecting C compile features
-- Detecting C compile features - done
-- Detecting CXX compiler ABI info
-- Detecting CXX compiler ABI info - done
-- Check for working CXX compiler: /usr/bin/c++ - skipped
-- Detecting CXX compile features
-- Detecting CXX compile features - done
-- Found ament_cmake: 1.3.12 (/opt/ros/humble/share/ament_cmake/cmake)
-- Found Python3: /usr/bin/python3 (found version "3.10.12") found components: Interpreter 
-- Override CMake install command with custom implementation using symlinks instead of copying resources
-- Found rclcpp: 16.0.15 (/opt/ros/humble/share/rclcpp/cmake)
-- Found rosidl_generator_c: 3.1.7 (/opt/ros/humble/share/rosidl_generator_c/cmake)
-- Found rosidl_adapter: 3.1.7 (/opt/ros/humble/share/rosidl_adapter/cmake)
-- Found rosidl_generator_cpp: 3.1.7 (/opt/ros/humble/share/rosidl_generator_cpp/cmake)
-- Using all available rosidl_typesupport_c: rosidl_typesupport_fastrtps_c;rosidl_typesupport_introspection_c
-- Using all available rosidl_typesupport_cpp: rosidl_typesupport_fastrtps_cpp;rosidl_typesupport_introspection_cpp
-- Found rmw_implementation_cmake: 6.1.2 (/opt/ros/humble/share/rmw_implementation_cmake/cmake)
-- Found rmw_fastrtps_cpp: 6.2.8 (/opt/ros/humble/share/rmw_fastrtps_cpp/cmake)
-- Found OpenSSL: /usr/lib/x86_64-linux-gnu/libcrypto.so (found version "3.0.2")  
-- Found FastRTPS: /opt/ros/humble/include  
-- Using RMW implementation 'rmw_fastrtps_cpp' as default
-- Looking for pthread.h
-- Looking for pthread.h - found
-- Performing Test CMAKE_HAVE_LIBC_PTHREAD
-- Performing Test CMAKE_HAVE_LIBC_PTHREAD - Success
-- Found Threads: TRUE  
-- Found angles: 1.15.0 (/opt/ros/humble/share/angles/cmake)
-- Found geometry_msgs: 4.9.0 (/opt/ros/humble/share/geometry_msgs/cmake)
-- Found visualization_msgs: 4.9.0 (/opt/ros/humble/share/visualization_msgs/cmake)
-- Found trajectory_msgs: 4.9.0 (/opt/ros/humble/share/trajectory_msgs/cmake)
-- Found nav_msgs: 4.9.0 (/opt/ros/humble/share/nav_msgs/cmake)
-- Found champ_msgs: 0.0.0 (/home/enma/pudusu/ros2_ws/install/champ_msgs/share/champ_msgs/cmake)
-- Found champ: 0.1.0 (/home/enma/pudusu/ros2_ws/install/champ/share/champ/cmake)
-- Found tf2: 0.25.16 (/opt/ros/humble/share/tf2/cmake)
-- Found tf2_ros: 0.25.16 (/opt/ros/humble/share/tf2_ros/cmake)
-- Found urdf: 2.6.1 (/opt/ros/humble/share/urdf/cmake)
-- Found tf2_geometry_msgs: 0.25.16 (/opt/ros/humble/share/tf2_geometry_msgs/cmake)
-- Found eigen3_cmake_module: 0.1.1 (/opt/ros/humble/share/eigen3_cmake_module/cmake)
-- Found Eigen3: TRUE (found version "3.4.0") 
-- Ensuring Eigen3 include directory is part of orocos-kdl CMake target
-- Configuring done
-- Generating done
-- Build files have been written to: /home/enma/pudusu/ros2_ws/build/champ_base
[ 16%] [32mBuilding CXX object CMakeFiles/message_relay.dir/src/message_relay.cpp.o[0m
[ 33%] [32mBuilding CXX object CMakeFiles/state_estimation.dir/src/state_estimation.cpp.o[0m
[ 50%] [32mBuilding CXX object CMakeFiles/quadruped_controller.dir/src/quadruped_controller.cpp.o[0m
[ 66%] [32m[1mLinking CXX executable quadruped_controller[0m
[ 66%] Built target quadruped_controller
[ 83%] [32m[1mLinking CXX executable message_relay[0m
[ 83%] Built target message_relay
[100%] [32m[1mLinking CXX executable state_estimation[0m
[100%] Built target state_estimation
-- Install configuration: ""
-- Execute custom install script
-- Symlinking: /home/enma/pudusu/ros2_ws/install/champ_base/lib/champ_base/quadruped_controller
-- Symlinking: /home/enma/pudusu/ros2_ws/install/champ_base/lib/champ_base/message_relay
-- Symlinking: /home/enma/pudusu/ros2_ws/install/champ_base/lib/champ_base/state_estimation
-- Symlinking: /home/enma/pudusu/ros2_ws/install/champ_base/include//actuator.h
-- Symlinking: /home/enma/pudusu/ros2_ws/install/champ_base/include//message_relay.hpp
-- Symlinking: /home/enma/pudusu/ros2_ws/install/champ_base/include//quadruped_controller.hpp
-- Symlinking: /home/enma/pudusu/ros2_ws/install/champ_base/include//state_estimation.hpp
-- Symlinking: /home/enma/pudusu/ros2_ws/install/champ_base/share/ament_index/resource_index/package_run_dependencies/champ_base
-- Symlinking: /home/enma/pudusu/ros2_ws/install/champ_base/share/ament_index/resource_index/parent_prefix_path/champ_base
-- Symlinking: /home/enma/pudusu/ros2_ws/install/champ_base/share/champ_base/environment/ament_prefix_path.sh
-- Symlinking: /home/enma/pudusu/ros2_ws/install/champ_base/share/champ_base/environment/ament_prefix_path.dsv
-- Symlinking: /home/enma/pudusu/ros2_ws/install/champ_base/share/champ_base/environment/path.sh
-- Symlinking: /home/enma/pudusu/ros2_ws/install/champ_base/share/champ_base/environment/path.dsv
-- Symlinking: /home/enma/pudusu/ros2_ws/install/champ_base/share/champ_base/local_setup.bash
-- Symlinking: /home/enma/pudusu/ros2_ws/install/champ_base/share/champ_base/local_setup.sh
-- Symlinking: /home/enma/pudusu/ros2_ws/install/champ_base/share/champ_base/local_setup.zsh
-- Symlinking: /home/enma/pudusu/ros2_ws/install/champ_base/share/champ_base/local_setup.dsv
-- Symlinking: /home/enma/pudusu/ros2_ws/install/champ_base/share/champ_base/package.dsv
-- Symlinking: /home/enma/pudusu/ros2_ws/install/champ_base/share/ament_index/resource_index/packages/champ_base
-- Symlinking: /home/enma/pudusu/ros2_ws/install/champ_base/share/champ_base/cmake/champ_baseConfig.cmake
-- Symlinking: /home/enma/pudusu/ros2_ws/install/champ_base/share/champ_base/cmake/champ_baseConfig-version.cmake
-- Symlinking: /home/enma/pudusu/ros2_ws/install/champ_base/share/champ_base/package.xml
