[0.335s] DEBUG:colcon:Command line arguments: ['/usr/bin/colcon', 'build', '--symlink-install', '--packages-select', 'champ_bringup']
[0.335s] DEBUG:colcon:Parsed command line arguments: Namespace(log_base=None, log_level=None, verb_name='build', build_base='build', install_base='install', merge_install=False, symlink_install=True, test_result_base=None, continue_on_error=False, executor='parallel', parallel_workers=12, event_handlers=None, ignore_user_meta=False, metas=['./colcon.meta'], base_paths=['.'], packages_ignore=None, packages_ignore_regex=None, paths=None, packages_up_to=None, packages_up_to_regex=None, packages_above=None, packages_above_and_dependencies=None, packages_above_depth=None, packages_select_by_dep=None, packages_skip_by_dep=None, packages_skip_up_to=None, packages_select_build_failed=False, packages_skip_build_finished=False, packages_select_test_failures=False, packages_skip_test_passed=False, packages_select=['champ_bringup'], packages_skip=None, packages_select_regex=None, packages_skip_regex=None, packages_start=None, packages_end=None, allow_overriding=[], cmake_args=None, cmake_target=None, cmake_target_skip_unavailable=False, cmake_clean_cache=False, cmake_clean_first=False, cmake_force_configure=False, ament_cmake_args=None, catkin_cmake_args=None, catkin_skip_building_tests=False, mixin_files=None, mixin=None, verb_parser=<colcon_mixin.mixin.mixin_argument.MixinArgumentDecorator object at 0x73ecae85fe80>, verb_extension=<colcon_core.verb.build.BuildVerb object at 0x73ecae85f880>, main=<bound method BuildVerb.main of <colcon_core.verb.build.BuildVerb object at 0x73ecae85f880>>, mixin_verb=('build',))
[0.725s] Level 1:colcon.colcon_core.package_discovery:discover_packages(colcon_meta) check parameters
[0.725s] Level 1:colcon.colcon_core.package_discovery:discover_packages(recursive) check parameters
[0.725s] Level 1:colcon.colcon_core.package_discovery:discover_packages(ignore) check parameters
[0.725s] Level 1:colcon.colcon_core.package_discovery:discover_packages(path) check parameters
[0.725s] Level 1:colcon.colcon_core.package_discovery:discover_packages(colcon_meta) discover
[0.725s] Level 1:colcon.colcon_core.package_discovery:discover_packages(recursive) discover
[0.726s] INFO:colcon.colcon_core.package_discovery:Crawling recursively for packages in '/home/enma/pudusu/ros2_ws'
[0.726s] Level 1:colcon.colcon_core.package_identification:_identify(.) by extensions ['ignore', 'ignore_ament_install']
[0.726s] Level 1:colcon.colcon_core.package_identification:_identify(.) by extension 'ignore'
[0.726s] Level 1:colcon.colcon_core.package_identification:_identify(.) by extension 'ignore_ament_install'
[0.726s] Level 1:colcon.colcon_core.package_identification:_identify(.) by extensions ['colcon_pkg']
[0.727s] Level 1:colcon.colcon_core.package_identification:_identify(.) by extension 'colcon_pkg'
[0.727s] Level 1:colcon.colcon_core.package_identification:_identify(.) by extensions ['colcon_meta']
[0.727s] Level 1:colcon.colcon_core.package_identification:_identify(.) by extension 'colcon_meta'
[0.727s] Level 1:colcon.colcon_core.package_identification:_identify(.) by extensions ['ros']
[0.727s] Level 1:colcon.colcon_core.package_identification:_identify(.) by extension 'ros'
[0.775s] Level 1:colcon.colcon_core.package_identification:_identify(.) by extensions ['cmake', 'python']
[0.775s] Level 1:colcon.colcon_core.package_identification:_identify(.) by extension 'cmake'
[0.775s] Level 1:colcon.colcon_core.package_identification:_identify(.) by extension 'python'
[0.775s] Level 1:colcon.colcon_core.package_identification:_identify(.) by extensions ['python_setup_py']
[0.775s] Level 1:colcon.colcon_core.package_identification:_identify(.) by extension 'python_setup_py'
[0.776s] Level 1:colcon.colcon_core.package_identification:_identify(build) by extensions ['ignore', 'ignore_ament_install']
[0.776s] Level 1:colcon.colcon_core.package_identification:_identify(build) by extension 'ignore'
[0.776s] Level 1:colcon.colcon_core.package_identification:_identify(build) ignored
[0.776s] Level 1:colcon.colcon_core.package_identification:_identify(install) by extensions ['ignore', 'ignore_ament_install']
[0.776s] Level 1:colcon.colcon_core.package_identification:_identify(install) by extension 'ignore'
[0.777s] Level 1:colcon.colcon_core.package_identification:_identify(install) ignored
[0.777s] Level 1:colcon.colcon_core.package_identification:_identify(log) by extensions ['ignore', 'ignore_ament_install']
[0.777s] Level 1:colcon.colcon_core.package_identification:_identify(log) by extension 'ignore'
[0.777s] Level 1:colcon.colcon_core.package_identification:_identify(log) ignored
[0.777s] Level 1:colcon.colcon_core.package_identification:_identify(src) by extensions ['ignore', 'ignore_ament_install']
[0.777s] Level 1:colcon.colcon_core.package_identification:_identify(src) by extension 'ignore'
[0.777s] Level 1:colcon.colcon_core.package_identification:_identify(src) by extension 'ignore_ament_install'
[0.777s] Level 1:colcon.colcon_core.package_identification:_identify(src) by extensions ['colcon_pkg']
[0.777s] Level 1:colcon.colcon_core.package_identification:_identify(src) by extension 'colcon_pkg'
[0.777s] Level 1:colcon.colcon_core.package_identification:_identify(src) by extensions ['colcon_meta']
[0.778s] Level 1:colcon.colcon_core.package_identification:_identify(src) by extension 'colcon_meta'
[0.778s] Level 1:colcon.colcon_core.package_identification:_identify(src) by extensions ['ros']
[0.778s] Level 1:colcon.colcon_core.package_identification:_identify(src) by extension 'ros'
[0.778s] Level 1:colcon.colcon_core.package_identification:_identify(src) by extensions ['cmake', 'python']
[0.778s] Level 1:colcon.colcon_core.package_identification:_identify(src) by extension 'cmake'
[0.778s] Level 1:colcon.colcon_core.package_identification:_identify(src) by extension 'python'
[0.778s] Level 1:colcon.colcon_core.package_identification:_identify(src) by extensions ['python_setup_py']
[0.778s] Level 1:colcon.colcon_core.package_identification:_identify(src) by extension 'python_setup_py'
[0.778s] Level 1:colcon.colcon_core.package_identification:_identify(src/spot_ros2_ign) by extensions ['ignore', 'ignore_ament_install']
[0.778s] Level 1:colcon.colcon_core.package_identification:_identify(src/spot_ros2_ign) by extension 'ignore'
[0.778s] Level 1:colcon.colcon_core.package_identification:_identify(src/spot_ros2_ign) by extension 'ignore_ament_install'
[0.779s] Level 1:colcon.colcon_core.package_identification:_identify(src/spot_ros2_ign) by extensions ['colcon_pkg']
[0.779s] Level 1:colcon.colcon_core.package_identification:_identify(src/spot_ros2_ign) by extension 'colcon_pkg'
[0.779s] Level 1:colcon.colcon_core.package_identification:_identify(src/spot_ros2_ign) by extensions ['colcon_meta']
[0.779s] Level 1:colcon.colcon_core.package_identification:_identify(src/spot_ros2_ign) by extension 'colcon_meta'
[0.779s] Level 1:colcon.colcon_core.package_identification:_identify(src/spot_ros2_ign) by extensions ['ros']
[0.779s] Level 1:colcon.colcon_core.package_identification:_identify(src/spot_ros2_ign) by extension 'ros'
[0.779s] Level 1:colcon.colcon_core.package_identification:_identify(src/spot_ros2_ign) by extensions ['cmake', 'python']
[0.779s] Level 1:colcon.colcon_core.package_identification:_identify(src/spot_ros2_ign) by extension 'cmake'
[0.779s] Level 1:colcon.colcon_core.package_identification:_identify(src/spot_ros2_ign) by extension 'python'
[0.779s] Level 1:colcon.colcon_core.package_identification:_identify(src/spot_ros2_ign) by extensions ['python_setup_py']
[0.779s] Level 1:colcon.colcon_core.package_identification:_identify(src/spot_ros2_ign) by extension 'python_setup_py'
[0.779s] Level 1:colcon.colcon_core.package_identification:_identify(src/spot_ros2_ign/champ) by extensions ['ignore', 'ignore_ament_install']
[0.779s] Level 1:colcon.colcon_core.package_identification:_identify(src/spot_ros2_ign/champ) by extension 'ignore'
[0.780s] Level 1:colcon.colcon_core.package_identification:_identify(src/spot_ros2_ign/champ) by extension 'ignore_ament_install'
[0.780s] Level 1:colcon.colcon_core.package_identification:_identify(src/spot_ros2_ign/champ) by extensions ['colcon_pkg']
[0.780s] Level 1:colcon.colcon_core.package_identification:_identify(src/spot_ros2_ign/champ) by extension 'colcon_pkg'
[0.780s] Level 1:colcon.colcon_core.package_identification:_identify(src/spot_ros2_ign/champ) by extensions ['colcon_meta']
[0.780s] Level 1:colcon.colcon_core.package_identification:_identify(src/spot_ros2_ign/champ) by extension 'colcon_meta'
[0.780s] Level 1:colcon.colcon_core.package_identification:_identify(src/spot_ros2_ign/champ) by extensions ['ros']
[0.780s] Level 1:colcon.colcon_core.package_identification:_identify(src/spot_ros2_ign/champ) by extension 'ros'
[0.786s] DEBUG:colcon.colcon_core.package_identification:Package 'src/spot_ros2_ign/champ' with type 'ros.ament_cmake' and name 'champ'
[0.786s] Level 1:colcon.colcon_core.package_identification:_identify(src/spot_ros2_ign/champ_base) by extensions ['ignore', 'ignore_ament_install']
[0.786s] Level 1:colcon.colcon_core.package_identification:_identify(src/spot_ros2_ign/champ_base) by extension 'ignore'
[0.787s] Level 1:colcon.colcon_core.package_identification:_identify(src/spot_ros2_ign/champ_base) by extension 'ignore_ament_install'
[0.787s] Level 1:colcon.colcon_core.package_identification:_identify(src/spot_ros2_ign/champ_base) by extensions ['colcon_pkg']
[0.787s] Level 1:colcon.colcon_core.package_identification:_identify(src/spot_ros2_ign/champ_base) by extension 'colcon_pkg'
[0.787s] Level 1:colcon.colcon_core.package_identification:_identify(src/spot_ros2_ign/champ_base) by extensions ['colcon_meta']
[0.787s] Level 1:colcon.colcon_core.package_identification:_identify(src/spot_ros2_ign/champ_base) by extension 'colcon_meta'
[0.787s] Level 1:colcon.colcon_core.package_identification:_identify(src/spot_ros2_ign/champ_base) by extensions ['ros']
[0.787s] Level 1:colcon.colcon_core.package_identification:_identify(src/spot_ros2_ign/champ_base) by extension 'ros'
[0.790s] DEBUG:colcon.colcon_core.package_identification:Package 'src/spot_ros2_ign/champ_base' with type 'ros.ament_cmake' and name 'champ_base'
[0.791s] Level 1:colcon.colcon_core.package_identification:_identify(src/spot_ros2_ign/champ_bringup) by extensions ['ignore', 'ignore_ament_install']
[0.791s] Level 1:colcon.colcon_core.package_identification:_identify(src/spot_ros2_ign/champ_bringup) by extension 'ignore'
[0.791s] Level 1:colcon.colcon_core.package_identification:_identify(src/spot_ros2_ign/champ_bringup) by extension 'ignore_ament_install'
[0.791s] Level 1:colcon.colcon_core.package_identification:_identify(src/spot_ros2_ign/champ_bringup) by extensions ['colcon_pkg']
[0.791s] Level 1:colcon.colcon_core.package_identification:_identify(src/spot_ros2_ign/champ_bringup) by extension 'colcon_pkg'
[0.791s] Level 1:colcon.colcon_core.package_identification:_identify(src/spot_ros2_ign/champ_bringup) by extensions ['colcon_meta']
[0.791s] Level 1:colcon.colcon_core.package_identification:_identify(src/spot_ros2_ign/champ_bringup) by extension 'colcon_meta'
[0.792s] Level 1:colcon.colcon_core.package_identification:_identify(src/spot_ros2_ign/champ_bringup) by extensions ['ros']
[0.792s] Level 1:colcon.colcon_core.package_identification:_identify(src/spot_ros2_ign/champ_bringup) by extension 'ros'
[0.794s] DEBUG:colcon.colcon_core.package_identification:Package 'src/spot_ros2_ign/champ_bringup' with type 'ros.ament_cmake' and name 'champ_bringup'
[0.795s] Level 1:colcon.colcon_core.package_identification:_identify(src/spot_ros2_ign/champ_description) by extensions ['ignore', 'ignore_ament_install']
[0.795s] Level 1:colcon.colcon_core.package_identification:_identify(src/spot_ros2_ign/champ_description) by extension 'ignore'
[0.795s] Level 1:colcon.colcon_core.package_identification:_identify(src/spot_ros2_ign/champ_description) by extension 'ignore_ament_install'
[0.795s] Level 1:colcon.colcon_core.package_identification:_identify(src/spot_ros2_ign/champ_description) by extensions ['colcon_pkg']
[0.795s] Level 1:colcon.colcon_core.package_identification:_identify(src/spot_ros2_ign/champ_description) by extension 'colcon_pkg'
[0.796s] Level 1:colcon.colcon_core.package_identification:_identify(src/spot_ros2_ign/champ_description) by extensions ['colcon_meta']
[0.796s] Level 1:colcon.colcon_core.package_identification:_identify(src/spot_ros2_ign/champ_description) by extension 'colcon_meta'
[0.796s] Level 1:colcon.colcon_core.package_identification:_identify(src/spot_ros2_ign/champ_description) by extensions ['ros']
[0.796s] Level 1:colcon.colcon_core.package_identification:_identify(src/spot_ros2_ign/champ_description) by extension 'ros'
[0.797s] DEBUG:colcon.colcon_core.package_identification:Package 'src/spot_ros2_ign/champ_description' with type 'ros.ament_cmake' and name 'champ_description'
[0.798s] Level 1:colcon.colcon_core.package_identification:_identify(src/spot_ros2_ign/champ_gazebo) by extensions ['ignore', 'ignore_ament_install']
[0.798s] Level 1:colcon.colcon_core.package_identification:_identify(src/spot_ros2_ign/champ_gazebo) by extension 'ignore'
[0.798s] Level 1:colcon.colcon_core.package_identification:_identify(src/spot_ros2_ign/champ_gazebo) by extension 'ignore_ament_install'
[0.798s] Level 1:colcon.colcon_core.package_identification:_identify(src/spot_ros2_ign/champ_gazebo) by extensions ['colcon_pkg']
[0.798s] Level 1:colcon.colcon_core.package_identification:_identify(src/spot_ros2_ign/champ_gazebo) by extension 'colcon_pkg'
[0.799s] Level 1:colcon.colcon_core.package_identification:_identify(src/spot_ros2_ign/champ_gazebo) by extensions ['colcon_meta']
[0.799s] Level 1:colcon.colcon_core.package_identification:_identify(src/spot_ros2_ign/champ_gazebo) by extension 'colcon_meta'
[0.799s] Level 1:colcon.colcon_core.package_identification:_identify(src/spot_ros2_ign/champ_gazebo) by extensions ['ros']
[0.799s] Level 1:colcon.colcon_core.package_identification:_identify(src/spot_ros2_ign/champ_gazebo) by extension 'ros'
[0.801s] DEBUG:colcon.colcon_core.package_identification:Package 'src/spot_ros2_ign/champ_gazebo' with type 'ros.ament_cmake' and name 'champ_gazebo'
[0.802s] Level 1:colcon.colcon_core.package_identification:_identify(src/spot_ros2_ign/champ_msgs) by extensions ['ignore', 'ignore_ament_install']
[0.802s] Level 1:colcon.colcon_core.package_identification:_identify(src/spot_ros2_ign/champ_msgs) by extension 'ignore'
[0.802s] Level 1:colcon.colcon_core.package_identification:_identify(src/spot_ros2_ign/champ_msgs) by extension 'ignore_ament_install'
[0.802s] Level 1:colcon.colcon_core.package_identification:_identify(src/spot_ros2_ign/champ_msgs) by extensions ['colcon_pkg']
[0.802s] Level 1:colcon.colcon_core.package_identification:_identify(src/spot_ros2_ign/champ_msgs) by extension 'colcon_pkg'
[0.802s] Level 1:colcon.colcon_core.package_identification:_identify(src/spot_ros2_ign/champ_msgs) by extensions ['colcon_meta']
[0.802s] Level 1:colcon.colcon_core.package_identification:_identify(src/spot_ros2_ign/champ_msgs) by extension 'colcon_meta'
[0.803s] Level 1:colcon.colcon_core.package_identification:_identify(src/spot_ros2_ign/champ_msgs) by extensions ['ros']
[0.803s] Level 1:colcon.colcon_core.package_identification:_identify(src/spot_ros2_ign/champ_msgs) by extension 'ros'
[0.804s] DEBUG:colcon.colcon_core.package_identification:Package 'src/spot_ros2_ign/champ_msgs' with type 'ros.ament_cmake' and name 'champ_msgs'
[0.805s] Level 1:colcon.colcon_core.package_discovery:discover_packages(recursive) using defaults
[0.805s] Level 1:colcon.colcon_core.package_discovery:discover_packages(ignore) discover
[0.805s] Level 1:colcon.colcon_core.package_discovery:discover_packages(ignore) using defaults
[0.805s] Level 1:colcon.colcon_core.package_discovery:discover_packages(path) discover
[0.805s] Level 1:colcon.colcon_core.package_discovery:discover_packages(path) using defaults
[0.857s] INFO:colcon.colcon_core.package_selection:Skipping not selected package 'champ' in 'src/spot_ros2_ign/champ'
[0.857s] INFO:colcon.colcon_core.package_selection:Skipping not selected package 'champ_description' in 'src/spot_ros2_ign/champ_description'
[0.857s] INFO:colcon.colcon_core.package_selection:Skipping not selected package 'champ_gazebo' in 'src/spot_ros2_ign/champ_gazebo'
[0.857s] INFO:colcon.colcon_core.package_selection:Skipping not selected package 'champ_msgs' in 'src/spot_ros2_ign/champ_msgs'
[0.857s] INFO:colcon.colcon_core.package_selection:Skipping not selected package 'champ_base' in 'src/spot_ros2_ign/champ_base'
[0.858s] Level 1:colcon.colcon_core.package_discovery:discover_packages(prefix_path) check parameters
[0.858s] Level 1:colcon.colcon_core.package_discovery:discover_packages(prefix_path) discover
[0.862s] DEBUG:colcon.colcon_installed_package_information.package_discovery:Found 6 installed packages in /home/enma/pudusu/ros2_ws/install
[0.866s] DEBUG:colcon.colcon_installed_package_information.package_discovery:Found 468 installed packages in /opt/ros/humble
[0.872s] Level 1:colcon.colcon_core.package_discovery:discover_packages(prefix_path) using defaults
[1.042s] Level 5:colcon.colcon_core.verb:set package 'champ_bringup' build argument 'cmake_args' from command line to 'None'
[1.042s] Level 5:colcon.colcon_core.verb:set package 'champ_bringup' build argument 'cmake_target' from command line to 'None'
[1.043s] Level 5:colcon.colcon_core.verb:set package 'champ_bringup' build argument 'cmake_target_skip_unavailable' from command line to 'False'
[1.043s] Level 5:colcon.colcon_core.verb:set package 'champ_bringup' build argument 'cmake_clean_cache' from command line to 'False'
[1.043s] Level 5:colcon.colcon_core.verb:set package 'champ_bringup' build argument 'cmake_clean_first' from command line to 'False'
[1.043s] Level 5:colcon.colcon_core.verb:set package 'champ_bringup' build argument 'cmake_force_configure' from command line to 'False'
[1.043s] Level 5:colcon.colcon_core.verb:set package 'champ_bringup' build argument 'ament_cmake_args' from command line to 'None'
[1.043s] Level 5:colcon.colcon_core.verb:set package 'champ_bringup' build argument 'catkin_cmake_args' from command line to 'None'
[1.043s] Level 5:colcon.colcon_core.verb:set package 'champ_bringup' build argument 'catkin_skip_building_tests' from command line to 'False'
[1.043s] DEBUG:colcon.colcon_core.verb:Building package 'champ_bringup' with the following arguments: {'ament_cmake_args': None, 'build_base': '/home/enma/pudusu/ros2_ws/build/champ_bringup', 'catkin_cmake_args': None, 'catkin_skip_building_tests': False, 'cmake_args': None, 'cmake_clean_cache': False, 'cmake_clean_first': False, 'cmake_force_configure': False, 'cmake_target': None, 'cmake_target_skip_unavailable': False, 'install_base': '/home/enma/pudusu/ros2_ws/install/champ_bringup', 'merge_install': False, 'path': '/home/enma/pudusu/ros2_ws/src/spot_ros2_ign/champ_bringup', 'symlink_install': True, 'test_result_base': None}
[1.044s] INFO:colcon.colcon_core.executor:Executing jobs using 'parallel' executor
[1.046s] DEBUG:colcon.colcon_parallel_executor.executor.parallel:run_until_complete
[1.047s] INFO:colcon.colcon_ros.task.ament_cmake.build:Building ROS package in '/home/enma/pudusu/ros2_ws/src/spot_ros2_ign/champ_bringup' with build type 'ament_cmake'
[1.047s] INFO:colcon.colcon_cmake.task.cmake.build:Building CMake package in '/home/enma/pudusu/ros2_ws/src/spot_ros2_ign/champ_bringup'
[1.057s] INFO:colcon.colcon_core.plugin_system:Skipping extension 'colcon_core.shell.bat': Not used on non-Windows systems
[1.059s] INFO:colcon.colcon_core.shell:Skip shell extension 'powershell' for command environment: Not usable outside of PowerShell
[1.059s] DEBUG:colcon.colcon_core.shell:Skip shell extension 'dsv' for command environment
[1.139s] DEBUG:colcon.colcon_core.event_handler.log_command:Invoking command in '/home/enma/pudusu/ros2_ws/build/champ_bringup': CMAKE_PREFIX_PATH=/home/enma/pudusu/ros2_ws/install/champ_base:/home/enma/pudusu/ros2_ws/install/champ_msgs:/home/enma/pudusu/ros2_ws/install/champ_description:/home/enma/pudusu/ros2_ws/install/champ:/home/enma/pudusu/ros2_ws/install/champ_bringup:/home/enma/pudusu/ros2_ws/install/champ_gazebo:/opt/ros/humble /usr/bin/cmake --build /home/enma/pudusu/ros2_ws/build/champ_bringup -- -j12 -l12
[1.268s] DEBUG:colcon.colcon_core.event_handler.log_command:Invoked command in '/home/enma/pudusu/ros2_ws/build/champ_bringup' returned '0': CMAKE_PREFIX_PATH=/home/enma/pudusu/ros2_ws/install/champ_base:/home/enma/pudusu/ros2_ws/install/champ_msgs:/home/enma/pudusu/ros2_ws/install/champ_description:/home/enma/pudusu/ros2_ws/install/champ:/home/enma/pudusu/ros2_ws/install/champ_bringup:/home/enma/pudusu/ros2_ws/install/champ_gazebo:/opt/ros/humble /usr/bin/cmake --build /home/enma/pudusu/ros2_ws/build/champ_bringup -- -j12 -l12
[1.287s] DEBUG:colcon.colcon_core.event_handler.log_command:Invoking command in '/home/enma/pudusu/ros2_ws/build/champ_bringup': CMAKE_PREFIX_PATH=/home/enma/pudusu/ros2_ws/install/champ_base:/home/enma/pudusu/ros2_ws/install/champ_msgs:/home/enma/pudusu/ros2_ws/install/champ_description:/home/enma/pudusu/ros2_ws/install/champ:/home/enma/pudusu/ros2_ws/install/champ_bringup:/home/enma/pudusu/ros2_ws/install/champ_gazebo:/opt/ros/humble /usr/bin/cmake --install /home/enma/pudusu/ros2_ws/build/champ_bringup
[1.337s] Level 1:colcon.colcon_core.environment:create_environment_scripts_only(champ_bringup)
[1.338s] DEBUG:colcon.colcon_core.event_handler.log_command:Invoked command in '/home/enma/pudusu/ros2_ws/build/champ_bringup' returned '0': CMAKE_PREFIX_PATH=/home/enma/pudusu/ros2_ws/install/champ_base:/home/enma/pudusu/ros2_ws/install/champ_msgs:/home/enma/pudusu/ros2_ws/install/champ_description:/home/enma/pudusu/ros2_ws/install/champ:/home/enma/pudusu/ros2_ws/install/champ_bringup:/home/enma/pudusu/ros2_ws/install/champ_gazebo:/opt/ros/humble /usr/bin/cmake --install /home/enma/pudusu/ros2_ws/build/champ_bringup
[1.342s] Level 1:colcon.colcon_core.environment:checking '/home/enma/pudusu/ros2_ws/install/champ_bringup' for CMake module files
[1.342s] Level 1:colcon.colcon_core.environment:checking '/home/enma/pudusu/ros2_ws/install/champ_bringup' for CMake config files
[1.343s] Level 1:colcon.colcon_core.shell:create_environment_hook('champ_bringup', 'cmake_prefix_path')
[1.344s] INFO:colcon.colcon_core.shell:Creating environment hook '/home/enma/pudusu/ros2_ws/install/champ_bringup/share/champ_bringup/hook/cmake_prefix_path.ps1'
[1.345s] INFO:colcon.colcon_core.shell:Creating environment descriptor '/home/enma/pudusu/ros2_ws/install/champ_bringup/share/champ_bringup/hook/cmake_prefix_path.dsv'
[1.346s] INFO:colcon.colcon_core.shell:Creating environment hook '/home/enma/pudusu/ros2_ws/install/champ_bringup/share/champ_bringup/hook/cmake_prefix_path.sh'
[1.348s] Level 1:colcon.colcon_core.environment:checking '/home/enma/pudusu/ros2_ws/install/champ_bringup/lib'
[1.348s] Level 1:colcon.colcon_core.environment:checking '/home/enma/pudusu/ros2_ws/install/champ_bringup/bin'
[1.348s] Level 1:colcon.colcon_core.environment:checking '/home/enma/pudusu/ros2_ws/install/champ_bringup/lib/pkgconfig/champ_bringup.pc'
[1.349s] Level 1:colcon.colcon_core.environment:checking '/home/enma/pudusu/ros2_ws/install/champ_bringup/lib/python3.10/site-packages'
[1.349s] Level 1:colcon.colcon_core.environment:checking '/home/enma/pudusu/ros2_ws/install/champ_bringup/bin'
[1.349s] INFO:colcon.colcon_core.shell:Creating package script '/home/enma/pudusu/ros2_ws/install/champ_bringup/share/champ_bringup/package.ps1'
[1.351s] INFO:colcon.colcon_core.shell:Creating package descriptor '/home/enma/pudusu/ros2_ws/install/champ_bringup/share/champ_bringup/package.dsv'
[1.352s] INFO:colcon.colcon_core.shell:Creating package script '/home/enma/pudusu/ros2_ws/install/champ_bringup/share/champ_bringup/package.sh'
[1.353s] INFO:colcon.colcon_core.shell:Creating package script '/home/enma/pudusu/ros2_ws/install/champ_bringup/share/champ_bringup/package.bash'
[1.355s] INFO:colcon.colcon_core.shell:Creating package script '/home/enma/pudusu/ros2_ws/install/champ_bringup/share/champ_bringup/package.zsh'
[1.356s] Level 1:colcon.colcon_core.environment:create_file_with_runtime_dependencies(/home/enma/pudusu/ros2_ws/install/champ_bringup/share/colcon-core/packages/champ_bringup)
[1.357s] Level 1:colcon.colcon_core.environment:create_environment_scripts_only(champ_bringup)
[1.357s] Level 1:colcon.colcon_core.environment:checking '/home/enma/pudusu/ros2_ws/install/champ_bringup' for CMake module files
[1.358s] Level 1:colcon.colcon_core.environment:checking '/home/enma/pudusu/ros2_ws/install/champ_bringup' for CMake config files
[1.359s] Level 1:colcon.colcon_core.shell:create_environment_hook('champ_bringup', 'cmake_prefix_path')
[1.359s] INFO:colcon.colcon_core.shell:Creating environment hook '/home/enma/pudusu/ros2_ws/install/champ_bringup/share/champ_bringup/hook/cmake_prefix_path.ps1'
[1.360s] INFO:colcon.colcon_core.shell:Creating environment descriptor '/home/enma/pudusu/ros2_ws/install/champ_bringup/share/champ_bringup/hook/cmake_prefix_path.dsv'
[1.360s] INFO:colcon.colcon_core.shell:Creating environment hook '/home/enma/pudusu/ros2_ws/install/champ_bringup/share/champ_bringup/hook/cmake_prefix_path.sh'
[1.362s] Level 1:colcon.colcon_core.environment:checking '/home/enma/pudusu/ros2_ws/install/champ_bringup/lib'
[1.362s] Level 1:colcon.colcon_core.environment:checking '/home/enma/pudusu/ros2_ws/install/champ_bringup/bin'
[1.362s] Level 1:colcon.colcon_core.environment:checking '/home/enma/pudusu/ros2_ws/install/champ_bringup/lib/pkgconfig/champ_bringup.pc'
[1.362s] Level 1:colcon.colcon_core.environment:checking '/home/enma/pudusu/ros2_ws/install/champ_bringup/lib/python3.10/site-packages'
[1.363s] Level 1:colcon.colcon_core.environment:checking '/home/enma/pudusu/ros2_ws/install/champ_bringup/bin'
[1.363s] INFO:colcon.colcon_core.shell:Creating package script '/home/enma/pudusu/ros2_ws/install/champ_bringup/share/champ_bringup/package.ps1'
[1.364s] INFO:colcon.colcon_core.shell:Creating package descriptor '/home/enma/pudusu/ros2_ws/install/champ_bringup/share/champ_bringup/package.dsv'
[1.365s] INFO:colcon.colcon_core.shell:Creating package script '/home/enma/pudusu/ros2_ws/install/champ_bringup/share/champ_bringup/package.sh'
[1.366s] INFO:colcon.colcon_core.shell:Creating package script '/home/enma/pudusu/ros2_ws/install/champ_bringup/share/champ_bringup/package.bash'
[1.366s] INFO:colcon.colcon_core.shell:Creating package script '/home/enma/pudusu/ros2_ws/install/champ_bringup/share/champ_bringup/package.zsh'
[1.367s] Level 1:colcon.colcon_core.environment:create_file_with_runtime_dependencies(/home/enma/pudusu/ros2_ws/install/champ_bringup/share/colcon-core/packages/champ_bringup)
[1.368s] DEBUG:colcon.colcon_parallel_executor.executor.parallel:closing loop
[1.368s] DEBUG:colcon.colcon_parallel_executor.executor.parallel:loop closed
[1.369s] DEBUG:colcon.colcon_parallel_executor.executor.parallel:run_until_complete finished with '0'
[1.369s] DEBUG:colcon.colcon_core.event_reactor:joining thread
[1.377s] INFO:colcon.colcon_core.plugin_system:Skipping extension 'colcon_notification.desktop_notification.terminal_notifier': Not used on non-Darwin systems
[1.378s] INFO:colcon.colcon_core.plugin_system:Skipping extension 'colcon_notification.desktop_notification.win32': Not used on non-Windows systems
[1.378s] INFO:colcon.colcon_notification.desktop_notification:Sending desktop notification using 'notify2'
[1.400s] DEBUG:colcon.colcon_core.event_reactor:joined thread
[1.401s] INFO:colcon.colcon_core.shell:Creating prefix script '/home/enma/pudusu/ros2_ws/install/local_setup.ps1'
[1.404s] INFO:colcon.colcon_core.shell:Creating prefix util module '/home/enma/pudusu/ros2_ws/install/_local_setup_util_ps1.py'
[1.406s] INFO:colcon.colcon_core.shell:Creating prefix chain script '/home/enma/pudusu/ros2_ws/install/setup.ps1'
[1.409s] INFO:colcon.colcon_core.shell:Creating prefix script '/home/enma/pudusu/ros2_ws/install/local_setup.sh'
[1.410s] INFO:colcon.colcon_core.shell:Creating prefix util module '/home/enma/pudusu/ros2_ws/install/_local_setup_util_sh.py'
[1.411s] INFO:colcon.colcon_core.shell:Creating prefix chain script '/home/enma/pudusu/ros2_ws/install/setup.sh'
[1.413s] INFO:colcon.colcon_core.shell:Creating prefix script '/home/enma/pudusu/ros2_ws/install/local_setup.bash'
[1.414s] INFO:colcon.colcon_core.shell:Creating prefix chain script '/home/enma/pudusu/ros2_ws/install/setup.bash'
[1.416s] INFO:colcon.colcon_core.shell:Creating prefix script '/home/enma/pudusu/ros2_ws/install/local_setup.zsh'
[1.417s] INFO:colcon.colcon_core.shell:Creating prefix chain script '/home/enma/pudusu/ros2_ws/install/setup.zsh'
