[0.376s] DEBUG:colcon:Command line arguments: ['/usr/bin/colcon', 'build', '--symlink-install', '--packages-select', 'champ_bringup']
[0.377s] DEBUG:colcon:Parsed command line arguments: Namespace(log_base=None, log_level=None, verb_name='build', build_base='build', install_base='install', merge_install=False, symlink_install=True, test_result_base=None, continue_on_error=False, executor='parallel', parallel_workers=12, event_handlers=None, ignore_user_meta=False, metas=['./colcon.meta'], base_paths=['.'], packages_ignore=None, packages_ignore_regex=None, paths=None, packages_up_to=None, packages_up_to_regex=None, packages_above=None, packages_above_and_dependencies=None, packages_above_depth=None, packages_select_by_dep=None, packages_skip_by_dep=None, packages_skip_up_to=None, packages_select_build_failed=False, packages_skip_build_finished=False, packages_select_test_failures=False, packages_skip_test_passed=False, packages_select=['champ_bringup'], packages_skip=None, packages_select_regex=None, packages_skip_regex=None, packages_start=None, packages_end=None, allow_overriding=[], cmake_args=None, cmake_target=None, cmake_target_skip_unavailable=False, cmake_clean_cache=False, cmake_clean_first=False, cmake_force_configure=False, ament_cmake_args=None, catkin_cmake_args=None, catkin_skip_building_tests=False, mixin_files=None, mixin=None, verb_parser=<colcon_mixin.mixin.mixin_argument.MixinArgumentDecorator object at 0x7e8039a4fe80>, verb_extension=<colcon_core.verb.build.BuildVerb object at 0x7e8039a4f880>, main=<bound method BuildVerb.main of <colcon_core.verb.build.BuildVerb object at 0x7e8039a4f880>>, mixin_verb=('build',))
[1.110s] Level 1:colcon.colcon_core.package_discovery:discover_packages(colcon_meta) check parameters
[1.110s] Level 1:colcon.colcon_core.package_discovery:discover_packages(recursive) check parameters
[1.113s] Level 1:colcon.colcon_core.package_discovery:discover_packages(ignore) check parameters
[1.114s] Level 1:colcon.colcon_core.package_discovery:discover_packages(path) check parameters
[1.114s] Level 1:colcon.colcon_core.package_discovery:discover_packages(colcon_meta) discover
[1.114s] Level 1:colcon.colcon_core.package_discovery:discover_packages(recursive) discover
[1.114s] INFO:colcon.colcon_core.package_discovery:Crawling recursively for packages in '/home/enma/pudusu/ros2_ws'
[1.115s] Level 1:colcon.colcon_core.package_identification:_identify(.) by extensions ['ignore', 'ignore_ament_install']
[1.115s] Level 1:colcon.colcon_core.package_identification:_identify(.) by extension 'ignore'
[1.115s] Level 1:colcon.colcon_core.package_identification:_identify(.) by extension 'ignore_ament_install'
[1.115s] Level 1:colcon.colcon_core.package_identification:_identify(.) by extensions ['colcon_pkg']
[1.116s] Level 1:colcon.colcon_core.package_identification:_identify(.) by extension 'colcon_pkg'
[1.116s] Level 1:colcon.colcon_core.package_identification:_identify(.) by extensions ['colcon_meta']
[1.116s] Level 1:colcon.colcon_core.package_identification:_identify(.) by extension 'colcon_meta'
[1.116s] Level 1:colcon.colcon_core.package_identification:_identify(.) by extensions ['ros']
[1.116s] Level 1:colcon.colcon_core.package_identification:_identify(.) by extension 'ros'
[1.184s] Level 1:colcon.colcon_core.package_identification:_identify(.) by extensions ['cmake', 'python']
[1.184s] Level 1:colcon.colcon_core.package_identification:_identify(.) by extension 'cmake'
[1.184s] Level 1:colcon.colcon_core.package_identification:_identify(.) by extension 'python'
[1.184s] Level 1:colcon.colcon_core.package_identification:_identify(.) by extensions ['python_setup_py']
[1.184s] Level 1:colcon.colcon_core.package_identification:_identify(.) by extension 'python_setup_py'
[1.185s] Level 1:colcon.colcon_core.package_identification:_identify(build) by extensions ['ignore', 'ignore_ament_install']
[1.185s] Level 1:colcon.colcon_core.package_identification:_identify(build) by extension 'ignore'
[1.185s] Level 1:colcon.colcon_core.package_identification:_identify(build) ignored
[1.185s] Level 1:colcon.colcon_core.package_identification:_identify(install) by extensions ['ignore', 'ignore_ament_install']
[1.186s] Level 1:colcon.colcon_core.package_identification:_identify(install) by extension 'ignore'
[1.186s] Level 1:colcon.colcon_core.package_identification:_identify(install) ignored
[1.186s] Level 1:colcon.colcon_core.package_identification:_identify(log) by extensions ['ignore', 'ignore_ament_install']
[1.186s] Level 1:colcon.colcon_core.package_identification:_identify(log) by extension 'ignore'
[1.186s] Level 1:colcon.colcon_core.package_identification:_identify(log) ignored
[1.187s] Level 1:colcon.colcon_core.package_identification:_identify(src) by extensions ['ignore', 'ignore_ament_install']
[1.187s] Level 1:colcon.colcon_core.package_identification:_identify(src) by extension 'ignore'
[1.187s] Level 1:colcon.colcon_core.package_identification:_identify(src) by extension 'ignore_ament_install'
[1.187s] Level 1:colcon.colcon_core.package_identification:_identify(src) by extensions ['colcon_pkg']
[1.188s] Level 1:colcon.colcon_core.package_identification:_identify(src) by extension 'colcon_pkg'
[1.188s] Level 1:colcon.colcon_core.package_identification:_identify(src) by extensions ['colcon_meta']
[1.188s] Level 1:colcon.colcon_core.package_identification:_identify(src) by extension 'colcon_meta'
[1.188s] Level 1:colcon.colcon_core.package_identification:_identify(src) by extensions ['ros']
[1.188s] Level 1:colcon.colcon_core.package_identification:_identify(src) by extension 'ros'
[1.188s] Level 1:colcon.colcon_core.package_identification:_identify(src) by extensions ['cmake', 'python']
[1.188s] Level 1:colcon.colcon_core.package_identification:_identify(src) by extension 'cmake'
[1.188s] Level 1:colcon.colcon_core.package_identification:_identify(src) by extension 'python'
[1.188s] Level 1:colcon.colcon_core.package_identification:_identify(src) by extensions ['python_setup_py']
[1.188s] Level 1:colcon.colcon_core.package_identification:_identify(src) by extension 'python_setup_py'
[1.189s] Level 1:colcon.colcon_core.package_identification:_identify(src/spot_ros2_ign) by extensions ['ignore', 'ignore_ament_install']
[1.189s] Level 1:colcon.colcon_core.package_identification:_identify(src/spot_ros2_ign) by extension 'ignore'
[1.189s] Level 1:colcon.colcon_core.package_identification:_identify(src/spot_ros2_ign) by extension 'ignore_ament_install'
[1.189s] Level 1:colcon.colcon_core.package_identification:_identify(src/spot_ros2_ign) by extensions ['colcon_pkg']
[1.189s] Level 1:colcon.colcon_core.package_identification:_identify(src/spot_ros2_ign) by extension 'colcon_pkg'
[1.190s] Level 1:colcon.colcon_core.package_identification:_identify(src/spot_ros2_ign) by extensions ['colcon_meta']
[1.190s] Level 1:colcon.colcon_core.package_identification:_identify(src/spot_ros2_ign) by extension 'colcon_meta'
[1.190s] Level 1:colcon.colcon_core.package_identification:_identify(src/spot_ros2_ign) by extensions ['ros']
[1.190s] Level 1:colcon.colcon_core.package_identification:_identify(src/spot_ros2_ign) by extension 'ros'
[1.190s] Level 1:colcon.colcon_core.package_identification:_identify(src/spot_ros2_ign) by extensions ['cmake', 'python']
[1.190s] Level 1:colcon.colcon_core.package_identification:_identify(src/spot_ros2_ign) by extension 'cmake'
[1.190s] Level 1:colcon.colcon_core.package_identification:_identify(src/spot_ros2_ign) by extension 'python'
[1.190s] Level 1:colcon.colcon_core.package_identification:_identify(src/spot_ros2_ign) by extensions ['python_setup_py']
[1.190s] Level 1:colcon.colcon_core.package_identification:_identify(src/spot_ros2_ign) by extension 'python_setup_py'
[1.191s] Level 1:colcon.colcon_core.package_identification:_identify(src/spot_ros2_ign/champ) by extensions ['ignore', 'ignore_ament_install']
[1.191s] Level 1:colcon.colcon_core.package_identification:_identify(src/spot_ros2_ign/champ) by extension 'ignore'
[1.191s] Level 1:colcon.colcon_core.package_identification:_identify(src/spot_ros2_ign/champ) by extension 'ignore_ament_install'
[1.191s] Level 1:colcon.colcon_core.package_identification:_identify(src/spot_ros2_ign/champ) by extensions ['colcon_pkg']
[1.191s] Level 1:colcon.colcon_core.package_identification:_identify(src/spot_ros2_ign/champ) by extension 'colcon_pkg'
[1.191s] Level 1:colcon.colcon_core.package_identification:_identify(src/spot_ros2_ign/champ) by extensions ['colcon_meta']
[1.192s] Level 1:colcon.colcon_core.package_identification:_identify(src/spot_ros2_ign/champ) by extension 'colcon_meta'
[1.192s] Level 1:colcon.colcon_core.package_identification:_identify(src/spot_ros2_ign/champ) by extensions ['ros']
[1.192s] Level 1:colcon.colcon_core.package_identification:_identify(src/spot_ros2_ign/champ) by extension 'ros'
[1.198s] DEBUG:colcon.colcon_core.package_identification:Package 'src/spot_ros2_ign/champ' with type 'ros.ament_cmake' and name 'champ'
[1.198s] Level 1:colcon.colcon_core.package_identification:_identify(src/spot_ros2_ign/champ_base) by extensions ['ignore', 'ignore_ament_install']
[1.199s] Level 1:colcon.colcon_core.package_identification:_identify(src/spot_ros2_ign/champ_base) by extension 'ignore'
[1.199s] Level 1:colcon.colcon_core.package_identification:_identify(src/spot_ros2_ign/champ_base) by extension 'ignore_ament_install'
[1.199s] Level 1:colcon.colcon_core.package_identification:_identify(src/spot_ros2_ign/champ_base) by extensions ['colcon_pkg']
[1.199s] Level 1:colcon.colcon_core.package_identification:_identify(src/spot_ros2_ign/champ_base) by extension 'colcon_pkg'
[1.199s] Level 1:colcon.colcon_core.package_identification:_identify(src/spot_ros2_ign/champ_base) by extensions ['colcon_meta']
[1.199s] Level 1:colcon.colcon_core.package_identification:_identify(src/spot_ros2_ign/champ_base) by extension 'colcon_meta'
[1.199s] Level 1:colcon.colcon_core.package_identification:_identify(src/spot_ros2_ign/champ_base) by extensions ['ros']
[1.199s] Level 1:colcon.colcon_core.package_identification:_identify(src/spot_ros2_ign/champ_base) by extension 'ros'
[1.202s] DEBUG:colcon.colcon_core.package_identification:Package 'src/spot_ros2_ign/champ_base' with type 'ros.ament_cmake' and name 'champ_base'
[1.203s] Level 1:colcon.colcon_core.package_identification:_identify(src/spot_ros2_ign/champ_bringup) by extensions ['ignore', 'ignore_ament_install']
[1.203s] Level 1:colcon.colcon_core.package_identification:_identify(src/spot_ros2_ign/champ_bringup) by extension 'ignore'
[1.203s] Level 1:colcon.colcon_core.package_identification:_identify(src/spot_ros2_ign/champ_bringup) by extension 'ignore_ament_install'
[1.203s] Level 1:colcon.colcon_core.package_identification:_identify(src/spot_ros2_ign/champ_bringup) by extensions ['colcon_pkg']
[1.203s] Level 1:colcon.colcon_core.package_identification:_identify(src/spot_ros2_ign/champ_bringup) by extension 'colcon_pkg'
[1.203s] Level 1:colcon.colcon_core.package_identification:_identify(src/spot_ros2_ign/champ_bringup) by extensions ['colcon_meta']
[1.203s] Level 1:colcon.colcon_core.package_identification:_identify(src/spot_ros2_ign/champ_bringup) by extension 'colcon_meta'
[1.203s] Level 1:colcon.colcon_core.package_identification:_identify(src/spot_ros2_ign/champ_bringup) by extensions ['ros']
[1.203s] Level 1:colcon.colcon_core.package_identification:_identify(src/spot_ros2_ign/champ_bringup) by extension 'ros'
[1.206s] DEBUG:colcon.colcon_core.package_identification:Package 'src/spot_ros2_ign/champ_bringup' with type 'ros.ament_cmake' and name 'champ_bringup'
[1.207s] Level 1:colcon.colcon_core.package_identification:_identify(src/spot_ros2_ign/champ_description) by extensions ['ignore', 'ignore_ament_install']
[1.207s] Level 1:colcon.colcon_core.package_identification:_identify(src/spot_ros2_ign/champ_description) by extension 'ignore'
[1.207s] Level 1:colcon.colcon_core.package_identification:_identify(src/spot_ros2_ign/champ_description) by extension 'ignore_ament_install'
[1.207s] Level 1:colcon.colcon_core.package_identification:_identify(src/spot_ros2_ign/champ_description) by extensions ['colcon_pkg']
[1.207s] Level 1:colcon.colcon_core.package_identification:_identify(src/spot_ros2_ign/champ_description) by extension 'colcon_pkg'
[1.207s] Level 1:colcon.colcon_core.package_identification:_identify(src/spot_ros2_ign/champ_description) by extensions ['colcon_meta']
[1.207s] Level 1:colcon.colcon_core.package_identification:_identify(src/spot_ros2_ign/champ_description) by extension 'colcon_meta'
[1.208s] Level 1:colcon.colcon_core.package_identification:_identify(src/spot_ros2_ign/champ_description) by extensions ['ros']
[1.208s] Level 1:colcon.colcon_core.package_identification:_identify(src/spot_ros2_ign/champ_description) by extension 'ros'
[1.209s] DEBUG:colcon.colcon_core.package_identification:Package 'src/spot_ros2_ign/champ_description' with type 'ros.ament_cmake' and name 'champ_description'
[1.210s] Level 1:colcon.colcon_core.package_identification:_identify(src/spot_ros2_ign/champ_gazebo) by extensions ['ignore', 'ignore_ament_install']
[1.210s] Level 1:colcon.colcon_core.package_identification:_identify(src/spot_ros2_ign/champ_gazebo) by extension 'ignore'
[1.210s] Level 1:colcon.colcon_core.package_identification:_identify(src/spot_ros2_ign/champ_gazebo) by extension 'ignore_ament_install'
[1.210s] Level 1:colcon.colcon_core.package_identification:_identify(src/spot_ros2_ign/champ_gazebo) by extensions ['colcon_pkg']
[1.210s] Level 1:colcon.colcon_core.package_identification:_identify(src/spot_ros2_ign/champ_gazebo) by extension 'colcon_pkg'
[1.211s] Level 1:colcon.colcon_core.package_identification:_identify(src/spot_ros2_ign/champ_gazebo) by extensions ['colcon_meta']
[1.211s] Level 1:colcon.colcon_core.package_identification:_identify(src/spot_ros2_ign/champ_gazebo) by extension 'colcon_meta'
[1.211s] Level 1:colcon.colcon_core.package_identification:_identify(src/spot_ros2_ign/champ_gazebo) by extensions ['ros']
[1.211s] Level 1:colcon.colcon_core.package_identification:_identify(src/spot_ros2_ign/champ_gazebo) by extension 'ros'
[1.214s] DEBUG:colcon.colcon_core.package_identification:Package 'src/spot_ros2_ign/champ_gazebo' with type 'ros.ament_cmake' and name 'champ_gazebo'
[1.214s] Level 1:colcon.colcon_core.package_identification:_identify(src/spot_ros2_ign/champ_msgs) by extensions ['ignore', 'ignore_ament_install']
[1.214s] Level 1:colcon.colcon_core.package_identification:_identify(src/spot_ros2_ign/champ_msgs) by extension 'ignore'
[1.214s] Level 1:colcon.colcon_core.package_identification:_identify(src/spot_ros2_ign/champ_msgs) by extension 'ignore_ament_install'
[1.215s] Level 1:colcon.colcon_core.package_identification:_identify(src/spot_ros2_ign/champ_msgs) by extensions ['colcon_pkg']
[1.215s] Level 1:colcon.colcon_core.package_identification:_identify(src/spot_ros2_ign/champ_msgs) by extension 'colcon_pkg'
[1.215s] Level 1:colcon.colcon_core.package_identification:_identify(src/spot_ros2_ign/champ_msgs) by extensions ['colcon_meta']
[1.215s] Level 1:colcon.colcon_core.package_identification:_identify(src/spot_ros2_ign/champ_msgs) by extension 'colcon_meta'
[1.215s] Level 1:colcon.colcon_core.package_identification:_identify(src/spot_ros2_ign/champ_msgs) by extensions ['ros']
[1.215s] Level 1:colcon.colcon_core.package_identification:_identify(src/spot_ros2_ign/champ_msgs) by extension 'ros'
[1.217s] DEBUG:colcon.colcon_core.package_identification:Package 'src/spot_ros2_ign/champ_msgs' with type 'ros.ament_cmake' and name 'champ_msgs'
[1.217s] Level 1:colcon.colcon_core.package_discovery:discover_packages(recursive) using defaults
[1.217s] Level 1:colcon.colcon_core.package_discovery:discover_packages(ignore) discover
[1.218s] Level 1:colcon.colcon_core.package_discovery:discover_packages(ignore) using defaults
[1.218s] Level 1:colcon.colcon_core.package_discovery:discover_packages(path) discover
[1.218s] Level 1:colcon.colcon_core.package_discovery:discover_packages(path) using defaults
[1.275s] INFO:colcon.colcon_core.package_selection:Skipping not selected package 'champ' in 'src/spot_ros2_ign/champ'
[1.275s] INFO:colcon.colcon_core.package_selection:Skipping not selected package 'champ_description' in 'src/spot_ros2_ign/champ_description'
[1.275s] INFO:colcon.colcon_core.package_selection:Skipping not selected package 'champ_gazebo' in 'src/spot_ros2_ign/champ_gazebo'
[1.275s] INFO:colcon.colcon_core.package_selection:Skipping not selected package 'champ_msgs' in 'src/spot_ros2_ign/champ_msgs'
[1.275s] INFO:colcon.colcon_core.package_selection:Skipping not selected package 'champ_base' in 'src/spot_ros2_ign/champ_base'
[1.277s] Level 1:colcon.colcon_core.package_discovery:discover_packages(prefix_path) check parameters
[1.277s] Level 1:colcon.colcon_core.package_discovery:discover_packages(prefix_path) discover
[1.284s] DEBUG:colcon.colcon_installed_package_information.package_discovery:Found 6 installed packages in /home/enma/pudusu/ros2_ws/install
[1.290s] DEBUG:colcon.colcon_installed_package_information.package_discovery:Found 468 installed packages in /opt/ros/humble
[1.301s] Level 1:colcon.colcon_core.package_discovery:discover_packages(prefix_path) using defaults
[1.486s] Level 5:colcon.colcon_core.verb:set package 'champ_bringup' build argument 'cmake_args' from command line to 'None'
[1.486s] Level 5:colcon.colcon_core.verb:set package 'champ_bringup' build argument 'cmake_target' from command line to 'None'
[1.486s] Level 5:colcon.colcon_core.verb:set package 'champ_bringup' build argument 'cmake_target_skip_unavailable' from command line to 'False'
[1.486s] Level 5:colcon.colcon_core.verb:set package 'champ_bringup' build argument 'cmake_clean_cache' from command line to 'False'
[1.486s] Level 5:colcon.colcon_core.verb:set package 'champ_bringup' build argument 'cmake_clean_first' from command line to 'False'
[1.486s] Level 5:colcon.colcon_core.verb:set package 'champ_bringup' build argument 'cmake_force_configure' from command line to 'False'
[1.486s] Level 5:colcon.colcon_core.verb:set package 'champ_bringup' build argument 'ament_cmake_args' from command line to 'None'
[1.486s] Level 5:colcon.colcon_core.verb:set package 'champ_bringup' build argument 'catkin_cmake_args' from command line to 'None'
[1.486s] Level 5:colcon.colcon_core.verb:set package 'champ_bringup' build argument 'catkin_skip_building_tests' from command line to 'False'
[1.486s] DEBUG:colcon.colcon_core.verb:Building package 'champ_bringup' with the following arguments: {'ament_cmake_args': None, 'build_base': '/home/enma/pudusu/ros2_ws/build/champ_bringup', 'catkin_cmake_args': None, 'catkin_skip_building_tests': False, 'cmake_args': None, 'cmake_clean_cache': False, 'cmake_clean_first': False, 'cmake_force_configure': False, 'cmake_target': None, 'cmake_target_skip_unavailable': False, 'install_base': '/home/enma/pudusu/ros2_ws/install/champ_bringup', 'merge_install': False, 'path': '/home/enma/pudusu/ros2_ws/src/spot_ros2_ign/champ_bringup', 'symlink_install': True, 'test_result_base': None}
[1.487s] INFO:colcon.colcon_core.executor:Executing jobs using 'parallel' executor
[1.491s] DEBUG:colcon.colcon_parallel_executor.executor.parallel:run_until_complete
[1.492s] INFO:colcon.colcon_ros.task.ament_cmake.build:Building ROS package in '/home/enma/pudusu/ros2_ws/src/spot_ros2_ign/champ_bringup' with build type 'ament_cmake'
[1.493s] INFO:colcon.colcon_cmake.task.cmake.build:Building CMake package in '/home/enma/pudusu/ros2_ws/src/spot_ros2_ign/champ_bringup'
[1.498s] INFO:colcon.colcon_core.plugin_system:Skipping extension 'colcon_core.shell.bat': Not used on non-Windows systems
[1.498s] INFO:colcon.colcon_core.shell:Skip shell extension 'powershell' for command environment: Not usable outside of PowerShell
[1.498s] DEBUG:colcon.colcon_core.shell:Skip shell extension 'dsv' for command environment
[1.540s] DEBUG:colcon.colcon_core.event_handler.log_command:Invoking command in '/home/enma/pudusu/ros2_ws/build/champ_bringup': CMAKE_PREFIX_PATH=/home/enma/pudusu/ros2_ws/install/champ_base:/home/enma/pudusu/ros2_ws/install/champ_msgs:/home/enma/pudusu/ros2_ws/install/champ_description:/home/enma/pudusu/ros2_ws/install/champ:/home/enma/pudusu/ros2_ws/install/champ_bringup:/home/enma/pudusu/ros2_ws/install/champ_gazebo:/opt/ros/humble /usr/bin/cmake --build /home/enma/pudusu/ros2_ws/build/champ_bringup -- -j12 -l12
[1.659s] DEBUG:colcon.colcon_core.event_handler.log_command:Invoked command in '/home/enma/pudusu/ros2_ws/build/champ_bringup' returned '0': CMAKE_PREFIX_PATH=/home/enma/pudusu/ros2_ws/install/champ_base:/home/enma/pudusu/ros2_ws/install/champ_msgs:/home/enma/pudusu/ros2_ws/install/champ_description:/home/enma/pudusu/ros2_ws/install/champ:/home/enma/pudusu/ros2_ws/install/champ_bringup:/home/enma/pudusu/ros2_ws/install/champ_gazebo:/opt/ros/humble /usr/bin/cmake --build /home/enma/pudusu/ros2_ws/build/champ_bringup -- -j12 -l12
[1.694s] DEBUG:colcon.colcon_core.event_handler.log_command:Invoking command in '/home/enma/pudusu/ros2_ws/build/champ_bringup': CMAKE_PREFIX_PATH=/home/enma/pudusu/ros2_ws/install/champ_base:/home/enma/pudusu/ros2_ws/install/champ_msgs:/home/enma/pudusu/ros2_ws/install/champ_description:/home/enma/pudusu/ros2_ws/install/champ:/home/enma/pudusu/ros2_ws/install/champ_bringup:/home/enma/pudusu/ros2_ws/install/champ_gazebo:/opt/ros/humble /usr/bin/cmake --install /home/enma/pudusu/ros2_ws/build/champ_bringup
[1.802s] Level 1:colcon.colcon_core.environment:create_environment_scripts_only(champ_bringup)
[1.804s] DEBUG:colcon.colcon_core.event_handler.log_command:Invoked command in '/home/enma/pudusu/ros2_ws/build/champ_bringup' returned '0': CMAKE_PREFIX_PATH=/home/enma/pudusu/ros2_ws/install/champ_base:/home/enma/pudusu/ros2_ws/install/champ_msgs:/home/enma/pudusu/ros2_ws/install/champ_description:/home/enma/pudusu/ros2_ws/install/champ:/home/enma/pudusu/ros2_ws/install/champ_bringup:/home/enma/pudusu/ros2_ws/install/champ_gazebo:/opt/ros/humble /usr/bin/cmake --install /home/enma/pudusu/ros2_ws/build/champ_bringup
[1.809s] Level 1:colcon.colcon_core.environment:checking '/home/enma/pudusu/ros2_ws/install/champ_bringup' for CMake module files
[1.810s] Level 1:colcon.colcon_core.environment:checking '/home/enma/pudusu/ros2_ws/install/champ_bringup' for CMake config files
[1.811s] Level 1:colcon.colcon_core.shell:create_environment_hook('champ_bringup', 'cmake_prefix_path')
[1.811s] INFO:colcon.colcon_core.shell:Creating environment hook '/home/enma/pudusu/ros2_ws/install/champ_bringup/share/champ_bringup/hook/cmake_prefix_path.ps1'
[1.813s] INFO:colcon.colcon_core.shell:Creating environment descriptor '/home/enma/pudusu/ros2_ws/install/champ_bringup/share/champ_bringup/hook/cmake_prefix_path.dsv'
[1.814s] INFO:colcon.colcon_core.shell:Creating environment hook '/home/enma/pudusu/ros2_ws/install/champ_bringup/share/champ_bringup/hook/cmake_prefix_path.sh'
[1.816s] Level 1:colcon.colcon_core.environment:checking '/home/enma/pudusu/ros2_ws/install/champ_bringup/lib'
[1.817s] Level 1:colcon.colcon_core.environment:checking '/home/enma/pudusu/ros2_ws/install/champ_bringup/bin'
[1.817s] Level 1:colcon.colcon_core.environment:checking '/home/enma/pudusu/ros2_ws/install/champ_bringup/lib/pkgconfig/champ_bringup.pc'
[1.817s] Level 1:colcon.colcon_core.environment:checking '/home/enma/pudusu/ros2_ws/install/champ_bringup/lib/python3.10/site-packages'
[1.818s] Level 1:colcon.colcon_core.environment:checking '/home/enma/pudusu/ros2_ws/install/champ_bringup/bin'
[1.818s] INFO:colcon.colcon_core.shell:Creating package script '/home/enma/pudusu/ros2_ws/install/champ_bringup/share/champ_bringup/package.ps1'
[1.820s] INFO:colcon.colcon_core.shell:Creating package descriptor '/home/enma/pudusu/ros2_ws/install/champ_bringup/share/champ_bringup/package.dsv'
[1.821s] INFO:colcon.colcon_core.shell:Creating package script '/home/enma/pudusu/ros2_ws/install/champ_bringup/share/champ_bringup/package.sh'
[1.822s] INFO:colcon.colcon_core.shell:Creating package script '/home/enma/pudusu/ros2_ws/install/champ_bringup/share/champ_bringup/package.bash'
[1.824s] INFO:colcon.colcon_core.shell:Creating package script '/home/enma/pudusu/ros2_ws/install/champ_bringup/share/champ_bringup/package.zsh'
[1.826s] Level 1:colcon.colcon_core.environment:create_file_with_runtime_dependencies(/home/enma/pudusu/ros2_ws/install/champ_bringup/share/colcon-core/packages/champ_bringup)
[1.827s] Level 1:colcon.colcon_core.environment:create_environment_scripts_only(champ_bringup)
[1.828s] Level 1:colcon.colcon_core.environment:checking '/home/enma/pudusu/ros2_ws/install/champ_bringup' for CMake module files
[1.829s] Level 1:colcon.colcon_core.environment:checking '/home/enma/pudusu/ros2_ws/install/champ_bringup' for CMake config files
[1.829s] Level 1:colcon.colcon_core.shell:create_environment_hook('champ_bringup', 'cmake_prefix_path')
[1.830s] INFO:colcon.colcon_core.shell:Creating environment hook '/home/enma/pudusu/ros2_ws/install/champ_bringup/share/champ_bringup/hook/cmake_prefix_path.ps1'
[1.831s] INFO:colcon.colcon_core.shell:Creating environment descriptor '/home/enma/pudusu/ros2_ws/install/champ_bringup/share/champ_bringup/hook/cmake_prefix_path.dsv'
[1.831s] INFO:colcon.colcon_core.shell:Creating environment hook '/home/enma/pudusu/ros2_ws/install/champ_bringup/share/champ_bringup/hook/cmake_prefix_path.sh'
[1.832s] Level 1:colcon.colcon_core.environment:checking '/home/enma/pudusu/ros2_ws/install/champ_bringup/lib'
[1.832s] Level 1:colcon.colcon_core.environment:checking '/home/enma/pudusu/ros2_ws/install/champ_bringup/bin'
[1.833s] Level 1:colcon.colcon_core.environment:checking '/home/enma/pudusu/ros2_ws/install/champ_bringup/lib/pkgconfig/champ_bringup.pc'
[1.833s] Level 1:colcon.colcon_core.environment:checking '/home/enma/pudusu/ros2_ws/install/champ_bringup/lib/python3.10/site-packages'
[1.833s] Level 1:colcon.colcon_core.environment:checking '/home/enma/pudusu/ros2_ws/install/champ_bringup/bin'
[1.834s] INFO:colcon.colcon_core.shell:Creating package script '/home/enma/pudusu/ros2_ws/install/champ_bringup/share/champ_bringup/package.ps1'
[1.835s] INFO:colcon.colcon_core.shell:Creating package descriptor '/home/enma/pudusu/ros2_ws/install/champ_bringup/share/champ_bringup/package.dsv'
[1.836s] INFO:colcon.colcon_core.shell:Creating package script '/home/enma/pudusu/ros2_ws/install/champ_bringup/share/champ_bringup/package.sh'
[1.837s] INFO:colcon.colcon_core.shell:Creating package script '/home/enma/pudusu/ros2_ws/install/champ_bringup/share/champ_bringup/package.bash'
[1.838s] INFO:colcon.colcon_core.shell:Creating package script '/home/enma/pudusu/ros2_ws/install/champ_bringup/share/champ_bringup/package.zsh'
[1.839s] Level 1:colcon.colcon_core.environment:create_file_with_runtime_dependencies(/home/enma/pudusu/ros2_ws/install/champ_bringup/share/colcon-core/packages/champ_bringup)
[1.840s] DEBUG:colcon.colcon_parallel_executor.executor.parallel:closing loop
[1.841s] DEBUG:colcon.colcon_parallel_executor.executor.parallel:loop closed
[1.841s] DEBUG:colcon.colcon_parallel_executor.executor.parallel:run_until_complete finished with '0'
[1.841s] DEBUG:colcon.colcon_core.event_reactor:joining thread
[1.861s] INFO:colcon.colcon_core.plugin_system:Skipping extension 'colcon_notification.desktop_notification.terminal_notifier': Not used on non-Darwin systems
[1.861s] INFO:colcon.colcon_core.plugin_system:Skipping extension 'colcon_notification.desktop_notification.win32': Not used on non-Windows systems
[1.861s] INFO:colcon.colcon_notification.desktop_notification:Sending desktop notification using 'notify2'
[1.899s] DEBUG:colcon.colcon_core.event_reactor:joined thread
[1.900s] INFO:colcon.colcon_core.shell:Creating prefix script '/home/enma/pudusu/ros2_ws/install/local_setup.ps1'
[1.905s] INFO:colcon.colcon_core.shell:Creating prefix util module '/home/enma/pudusu/ros2_ws/install/_local_setup_util_ps1.py'
[1.910s] INFO:colcon.colcon_core.shell:Creating prefix chain script '/home/enma/pudusu/ros2_ws/install/setup.ps1'
[1.914s] INFO:colcon.colcon_core.shell:Creating prefix script '/home/enma/pudusu/ros2_ws/install/local_setup.sh'
[1.917s] INFO:colcon.colcon_core.shell:Creating prefix util module '/home/enma/pudusu/ros2_ws/install/_local_setup_util_sh.py'
[1.918s] INFO:colcon.colcon_core.shell:Creating prefix chain script '/home/enma/pudusu/ros2_ws/install/setup.sh'
[1.922s] INFO:colcon.colcon_core.shell:Creating prefix script '/home/enma/pudusu/ros2_ws/install/local_setup.bash'
[1.924s] INFO:colcon.colcon_core.shell:Creating prefix chain script '/home/enma/pudusu/ros2_ws/install/setup.bash'
[1.928s] INFO:colcon.colcon_core.shell:Creating prefix script '/home/enma/pudusu/ros2_ws/install/local_setup.zsh'
[1.930s] INFO:colcon.colcon_core.shell:Creating prefix chain script '/home/enma/pudusu/ros2_ws/install/setup.zsh'
